{"/home/travis/build/nd-toolkit/source-code/source/tests/index.js":{"path":"/home/travis/build/nd-toolkit/source-code/source/tests/index.js","statementMap":{"0":{"start":{"line":2,"column":23},"end":{"line":2,"column":43}},"1":{"start":{"line":3,"column":19},"end":{"line":3,"column":43}},"2":{"start":{"line":6,"column":25},"end":{"line":14,"column":2}},"3":{"start":{"line":21,"column":0},"end":{"line":21,"column":64}},"4":{"start":{"line":21,"column":15},"end":{"line":21,"column":39}},"5":{"start":{"line":24,"column":0},"end":{"line":24,"column":34}},"6":{"start":{"line":25,"column":0},"end":{"line":25,"column":35}}},"fnMap":{"0":{"name":"(anonymous_0)","decl":{"start":{"line":21,"column":7},"end":{"line":21,"column":8}},"loc":{"start":{"line":21,"column":13},"end":{"line":21,"column":41}},"line":21}},"branchMap":{},"s":{"0":1,"1":1,"2":1,"3":1,"4":1,"5":1,"6":1},"f":{"0":1},"b":{},"_coverageSchema":"43e27e138ebf9cfc5966b082cf9a028302ed4184","hash":"a7d9f6523e87166c91bbe9a1dd0ed5dd354feb0a","contentHash":"0e94b4d1acc5dcc495b28ef58c22c480"},"/home/travis/build/nd-toolkit/source-code/source/@ndk/test/ndk.test.js":{"path":"/home/travis/build/nd-toolkit/source-code/source/@ndk/test/ndk.test.js","statementMap":{"0":{"start":{"line":4,"column":21},"end":{"line":4,"column":38}},"1":{"start":{"line":5,"column":26},"end":{"line":5,"column":53}},"2":{"start":{"line":7,"column":20},"end":{"line":7,"column":27}},"3":{"start":{"line":8,"column":21},"end":{"line":8,"column":29}},"4":{"start":{"line":9,"column":27},"end":{"line":9,"column":40}},"5":{"start":{"line":15,"column":4},"end":{"line":15,"column":12}},"6":{"start":{"line":16,"column":4},"end":{"line":18,"column":5}},"7":{"start":{"line":17,"column":6},"end":{"line":17,"column":40}},"8":{"start":{"line":22,"column":4},"end":{"line":23,"column":47}},"9":{"start":{"line":23,"column":22},"end":{"line":23,"column":45}},"10":{"start":{"line":27,"column":18},"end":{"line":27,"column":40}},"11":{"start":{"line":28,"column":16},"end":{"line":28,"column":30}},"12":{"start":{"line":29,"column":19},"end":{"line":29,"column":24}},"13":{"start":{"line":30,"column":4},"end":{"line":34,"column":5}},"14":{"start":{"line":31,"column":6},"end":{"line":31,"column":45}},"15":{"start":{"line":32,"column":6},"end":{"line":32,"column":30}},"16":{"start":{"line":33,"column":6},"end":{"line":33,"column":22}},"17":{"start":{"line":35,"column":4},"end":{"line":35,"column":50}},"18":{"start":{"line":39,"column":4},"end":{"line":49,"column":10}},"19":{"start":{"line":40,"column":19},"end":{"line":40,"column":39}},"20":{"start":{"line":41,"column":6},"end":{"line":47,"column":7}},"21":{"start":{"line":42,"column":8},"end":{"line":46,"column":9}},"22":{"start":{"line":43,"column":10},"end":{"line":43,"column":41}},"23":{"start":{"line":45,"column":10},"end":{"line":45,"column":19}},"24":{"start":{"line":48,"column":6},"end":{"line":48,"column":20}},"25":{"start":{"line":53,"column":4},"end":{"line":66,"column":11}},"26":{"start":{"line":54,"column":19},"end":{"line":54,"column":39}},"27":{"start":{"line":55,"column":6},"end":{"line":64,"column":7}},"28":{"start":{"line":56,"column":8},"end":{"line":63,"column":9}},"29":{"start":{"line":57,"column":27},"end":{"line":57,"column":55}},"30":{"start":{"line":58,"column":10},"end":{"line":60,"column":11}},"31":{"start":{"line":59,"column":12},"end":{"line":59,"column":45}},"32":{"start":{"line":62,"column":10},"end":{"line":62,"column":27}},"33":{"start":{"line":65,"column":6},"end":{"line":65,"column":19}},"34":{"start":{"line":70,"column":4},"end":{"line":76,"column":5}},"35":{"start":{"line":71,"column":6},"end":{"line":75,"column":9}},"36":{"start":{"line":72,"column":8},"end":{"line":74,"column":9}},"37":{"start":{"line":73,"column":10},"end":{"line":73,"column":26}},"38":{"start":{"line":81,"column":21},"end":{"line":81,"column":40}},"39":{"start":{"line":82,"column":4},"end":{"line":93,"column":5}},"40":{"start":{"line":83,"column":6},"end":{"line":87,"column":15}},"41":{"start":{"line":84,"column":38},"end":{"line":84,"column":69}},"42":{"start":{"line":85,"column":39},"end":{"line":85,"column":71}},"43":{"start":{"line":86,"column":45},"end":{"line":86,"column":83}},"44":{"start":{"line":88,"column":6},"end":{"line":88,"column":37}},"45":{"start":{"line":89,"column":6},"end":{"line":89,"column":37}},"46":{"start":{"line":91,"column":6},"end":{"line":91,"column":21}},"47":{"start":{"line":92,"column":6},"end":{"line":92,"column":70}},"48":{"start":{"line":94,"column":4},"end":{"line":96,"column":5}},"49":{"start":{"line":95,"column":6},"end":{"line":95,"column":42}},"50":{"start":{"line":97,"column":4},"end":{"line":97,"column":22}},"51":{"start":{"line":101,"column":23},"end":{"line":101,"column":89}},"52":{"start":{"line":102,"column":4},"end":{"line":110,"column":5}},"53":{"start":{"line":103,"column":6},"end":{"line":103,"column":29}},"54":{"start":{"line":104,"column":6},"end":{"line":104,"column":20}},"55":{"start":{"line":106,"column":6},"end":{"line":106,"column":33}},"56":{"start":{"line":107,"column":6},"end":{"line":107,"column":29}},"57":{"start":{"line":108,"column":6},"end":{"line":108,"column":31}},"58":{"start":{"line":109,"column":6},"end":{"line":109,"column":20}},"59":{"start":{"line":111,"column":4},"end":{"line":111,"column":30}},"60":{"start":{"line":112,"column":4},"end":{"line":112,"column":56}},"61":{"start":{"line":113,"column":4},"end":{"line":113,"column":22}},"62":{"start":{"line":117,"column":19},"end":{"line":117,"column":111}},"63":{"start":{"line":118,"column":4},"end":{"line":118,"column":52}},"64":{"start":{"line":119,"column":22},"end":{"line":119,"column":53}},"65":{"start":{"line":120,"column":4},"end":{"line":134,"column":5}},"66":{"start":{"line":121,"column":19},"end":{"line":121,"column":33}},"67":{"start":{"line":122,"column":6},"end":{"line":133,"column":7}},"68":{"start":{"line":124,"column":8},"end":{"line":128,"column":9}},"69":{"start":{"line":125,"column":10},"end":{"line":125,"column":63}},"70":{"start":{"line":127,"column":10},"end":{"line":127,"column":70}},"71":{"start":{"line":129,"column":8},"end":{"line":131,"column":9}},"72":{"start":{"line":130,"column":10},"end":{"line":130,"column":61}},"73":{"start":{"line":132,"column":8},"end":{"line":132,"column":44}},"74":{"start":{"line":135,"column":4},"end":{"line":135,"column":61}},"75":{"start":{"line":136,"column":4},"end":{"line":136,"column":26}},"76":{"start":{"line":137,"column":4},"end":{"line":137,"column":48}},"77":{"start":{"line":138,"column":4},"end":{"line":138,"column":18}},"78":{"start":{"line":145,"column":47},"end":{"line":145,"column":59}},"79":{"start":{"line":146,"column":2},"end":{"line":146,"column":50}},"80":{"start":{"line":147,"column":2},"end":{"line":147,"column":20}},"81":{"start":{"line":154,"column":4},"end":{"line":154,"column":43}},"82":{"start":{"line":155,"column":4},"end":{"line":155,"column":39}},"83":{"start":{"line":156,"column":4},"end":{"line":156,"column":39}},"84":{"start":{"line":157,"column":4},"end":{"line":157,"column":45}},"85":{"start":{"line":158,"column":4},"end":{"line":158,"column":46}},"86":{"start":{"line":159,"column":4},"end":{"line":162,"column":78}},"87":{"start":{"line":160,"column":36},"end":{"line":160,"column":62}},"88":{"start":{"line":161,"column":37},"end":{"line":161,"column":64}},"89":{"start":{"line":162,"column":43},"end":{"line":162,"column":76}},"90":{"start":{"line":166,"column":4},"end":{"line":166,"column":41}},"91":{"start":{"line":170,"column":4},"end":{"line":170,"column":41}},"92":{"start":{"line":174,"column":4},"end":{"line":174,"column":43}},"93":{"start":{"line":178,"column":4},"end":{"line":178,"column":69}},"94":{"start":{"line":182,"column":4},"end":{"line":182,"column":67}},"95":{"start":{"line":186,"column":4},"end":{"line":186,"column":65}},"96":{"start":{"line":190,"column":4},"end":{"line":190,"column":68}},"97":{"start":{"line":194,"column":4},"end":{"line":194,"column":22}},"98":{"start":{"line":195,"column":4},"end":{"line":195,"column":55}},"99":{"start":{"line":196,"column":4},"end":{"line":203,"column":41}},"100":{"start":{"line":196,"column":44},"end":{"line":203,"column":16}},"101":{"start":{"line":207,"column":4},"end":{"line":207,"column":95}},"102":{"start":{"line":208,"column":4},"end":{"line":208,"column":40}},"103":{"start":{"line":212,"column":4},"end":{"line":219,"column":7}},"104":{"start":{"line":223,"column":4},"end":{"line":233,"column":7}},"105":{"start":{"line":239,"column":0},"end":{"line":239,"column":27}},"106":{"start":{"line":240,"column":0},"end":{"line":240,"column":39}},"107":{"start":{"line":241,"column":0},"end":{"line":241,"column":41}}},"fnMap":{"0":{"name":"(anonymous_0)","decl":{"start":{"line":14,"column":2},"end":{"line":14,"column":3}},"loc":{"start":{"line":14,"column":16},"end":{"line":19,"column":3}},"line":14},"1":{"name":"(anonymous_1)","decl":{"start":{"line":21,"column":2},"end":{"line":21,"column":3}},"loc":{"start":{"line":21,"column":27},"end":{"line":24,"column":3}},"line":21},"2":{"name":"(anonymous_2)","decl":{"start":{"line":23,"column":14},"end":{"line":23,"column":15}},"loc":{"start":{"line":23,"column":22},"end":{"line":23,"column":45}},"line":23},"3":{"name":"(anonymous_3)","decl":{"start":{"line":26,"column":2},"end":{"line":26,"column":3}},"loc":{"start":{"line":26,"column":24},"end":{"line":36,"column":3}},"line":26},"4":{"name":"(anonymous_4)","decl":{"start":{"line":38,"column":2},"end":{"line":38,"column":3}},"loc":{"start":{"line":38,"column":25},"end":{"line":50,"column":3}},"line":38},"5":{"name":"(anonymous_5)","decl":{"start":{"line":39,"column":38},"end":{"line":39,"column":39}},"loc":{"start":{"line":39,"column":56},"end":{"line":49,"column":5}},"line":39},"6":{"name":"(anonymous_6)","decl":{"start":{"line":52,"column":2},"end":{"line":52,"column":3}},"loc":{"start":{"line":52,"column":33},"end":{"line":67,"column":3}},"line":52},"7":{"name":"(anonymous_7)","decl":{"start":{"line":53,"column":38},"end":{"line":53,"column":39}},"loc":{"start":{"line":53,"column":55},"end":{"line":66,"column":5}},"line":53},"8":{"name":"(anonymous_8)","decl":{"start":{"line":69,"column":2},"end":{"line":69,"column":3}},"loc":{"start":{"line":69,"column":27},"end":{"line":77,"column":3}},"line":69},"9":{"name":"(anonymous_9)","decl":{"start":{"line":71,"column":39},"end":{"line":71,"column":40}},"loc":{"start":{"line":71,"column":49},"end":{"line":75,"column":7}},"line":71},"10":{"name":"(anonymous_10)","decl":{"start":{"line":79,"column":2},"end":{"line":79,"column":3}},"loc":{"start":{"line":79,"column":37},"end":{"line":98,"column":3}},"line":79},"11":{"name":"(anonymous_11)","decl":{"start":{"line":84,"column":25},"end":{"line":84,"column":26}},"loc":{"start":{"line":84,"column":38},"end":{"line":84,"column":69}},"line":84},"12":{"name":"(anonymous_12)","decl":{"start":{"line":85,"column":26},"end":{"line":85,"column":27}},"loc":{"start":{"line":85,"column":39},"end":{"line":85,"column":71}},"line":85},"13":{"name":"(anonymous_13)","decl":{"start":{"line":86,"column":32},"end":{"line":86,"column":33}},"loc":{"start":{"line":86,"column":45},"end":{"line":86,"column":83}},"line":86},"14":{"name":"(anonymous_14)","decl":{"start":{"line":100,"column":2},"end":{"line":100,"column":3}},"loc":{"start":{"line":100,"column":44},"end":{"line":114,"column":3}},"line":100},"15":{"name":"(anonymous_15)","decl":{"start":{"line":116,"column":2},"end":{"line":116,"column":3}},"loc":{"start":{"line":116,"column":14},"end":{"line":139,"column":3}},"line":116},"16":{"name":"createTest","decl":{"start":{"line":144,"column":9},"end":{"line":144,"column":19}},"loc":{"start":{"line":144,"column":38},"end":{"line":148,"column":1}},"line":144},"17":{"name":"(anonymous_17)","decl":{"start":{"line":145,"column":34},"end":{"line":145,"column":35}},"loc":{"start":{"line":145,"column":45},"end":{"line":145,"column":61}},"line":145},"18":{"name":"(anonymous_18)","decl":{"start":{"line":153,"column":2},"end":{"line":153,"column":3}},"loc":{"start":{"line":153,"column":25},"end":{"line":163,"column":3}},"line":153},"19":{"name":"(anonymous_19)","decl":{"start":{"line":160,"column":23},"end":{"line":160,"column":24}},"loc":{"start":{"line":160,"column":36},"end":{"line":160,"column":62}},"line":160},"20":{"name":"(anonymous_20)","decl":{"start":{"line":161,"column":24},"end":{"line":161,"column":25}},"loc":{"start":{"line":161,"column":37},"end":{"line":161,"column":64}},"line":161},"21":{"name":"(anonymous_21)","decl":{"start":{"line":162,"column":30},"end":{"line":162,"column":31}},"loc":{"start":{"line":162,"column":43},"end":{"line":162,"column":76}},"line":162},"22":{"name":"(anonymous_22)","decl":{"start":{"line":165,"column":2},"end":{"line":165,"column":3}},"loc":{"start":{"line":165,"column":25},"end":{"line":167,"column":3}},"line":165},"23":{"name":"(anonymous_23)","decl":{"start":{"line":169,"column":2},"end":{"line":169,"column":3}},"loc":{"start":{"line":169,"column":23},"end":{"line":171,"column":3}},"line":169},"24":{"name":"(anonymous_24)","decl":{"start":{"line":173,"column":2},"end":{"line":173,"column":3}},"loc":{"start":{"line":173,"column":18},"end":{"line":175,"column":3}},"line":173},"25":{"name":"(anonymous_25)","decl":{"start":{"line":177,"column":2},"end":{"line":177,"column":3}},"loc":{"start":{"line":177,"column":22},"end":{"line":179,"column":3}},"line":177},"26":{"name":"(anonymous_26)","decl":{"start":{"line":181,"column":2},"end":{"line":181,"column":3}},"loc":{"start":{"line":181,"column":18},"end":{"line":183,"column":3}},"line":181},"27":{"name":"(anonymous_27)","decl":{"start":{"line":185,"column":2},"end":{"line":185,"column":3}},"loc":{"start":{"line":185,"column":18},"end":{"line":187,"column":3}},"line":185},"28":{"name":"(anonymous_28)","decl":{"start":{"line":189,"column":2},"end":{"line":189,"column":3}},"loc":{"start":{"line":189,"column":20},"end":{"line":191,"column":3}},"line":189},"29":{"name":"(anonymous_29)","decl":{"start":{"line":193,"column":2},"end":{"line":193,"column":3}},"loc":{"start":{"line":193,"column":8},"end":{"line":204,"column":3}},"line":193},"30":{"name":"(anonymous_30)","decl":{"start":{"line":196,"column":32},"end":{"line":196,"column":33}},"loc":{"start":{"line":196,"column":44},"end":{"line":203,"column":16}},"line":196},"31":{"name":"(anonymous_31)","decl":{"start":{"line":206,"column":2},"end":{"line":206,"column":3}},"loc":{"start":{"line":206,"column":44},"end":{"line":209,"column":3}},"line":206},"32":{"name":"(anonymous_32)","decl":{"start":{"line":211,"column":2},"end":{"line":211,"column":3}},"loc":{"start":{"line":211,"column":45},"end":{"line":220,"column":3}},"line":211},"33":{"name":"(anonymous_33)","decl":{"start":{"line":222,"column":2},"end":{"line":222,"column":3}},"loc":{"start":{"line":222,"column":41},"end":{"line":234,"column":3}},"line":222}},"branchMap":{"0":{"loc":{"start":{"line":16,"column":4},"end":{"line":18,"column":5}},"type":"if","locations":[{"start":{"line":16,"column":4},"end":{"line":18,"column":5}},{"start":{"line":16,"column":4},"end":{"line":18,"column":5}}],"line":16},"1":{"loc":{"start":{"line":35,"column":11},"end":{"line":35,"column":49}},"type":"cond-expr","locations":[{"start":{"line":35,"column":22},"end":{"line":35,"column":41}},{"start":{"line":35,"column":44},"end":{"line":35,"column":49}}],"line":35},"2":{"loc":{"start":{"line":41,"column":6},"end":{"line":47,"column":7}},"type":"if","locations":[{"start":{"line":41,"column":6},"end":{"line":47,"column":7}},{"start":{"line":41,"column":6},"end":{"line":47,"column":7}}],"line":41},"3":{"loc":{"start":{"line":42,"column":8},"end":{"line":46,"column":9}},"type":"if","locations":[{"start":{"line":42,"column":8},"end":{"line":46,"column":9}},{"start":{"line":42,"column":8},"end":{"line":46,"column":9}}],"line":42},"4":{"loc":{"start":{"line":55,"column":6},"end":{"line":64,"column":7}},"type":"if","locations":[{"start":{"line":55,"column":6},"end":{"line":64,"column":7}},{"start":{"line":55,"column":6},"end":{"line":64,"column":7}}],"line":55},"5":{"loc":{"start":{"line":56,"column":8},"end":{"line":63,"column":9}},"type":"if","locations":[{"start":{"line":56,"column":8},"end":{"line":63,"column":9}},{"start":{"line":56,"column":8},"end":{"line":63,"column":9}}],"line":56},"6":{"loc":{"start":{"line":70,"column":4},"end":{"line":76,"column":5}},"type":"if","locations":[{"start":{"line":70,"column":4},"end":{"line":76,"column":5}},{"start":{"line":70,"column":4},"end":{"line":76,"column":5}}],"line":70},"7":{"loc":{"start":{"line":72,"column":8},"end":{"line":74,"column":9}},"type":"if","locations":[{"start":{"line":72,"column":8},"end":{"line":74,"column":9}},{"start":{"line":72,"column":8},"end":{"line":74,"column":9}}],"line":72},"8":{"loc":{"start":{"line":94,"column":4},"end":{"line":96,"column":5}},"type":"if","locations":[{"start":{"line":94,"column":4},"end":{"line":96,"column":5}},{"start":{"line":94,"column":4},"end":{"line":96,"column":5}}],"line":94},"9":{"loc":{"start":{"line":122,"column":6},"end":{"line":133,"column":7}},"type":"if","locations":[{"start":{"line":122,"column":6},"end":{"line":133,"column":7}},{"start":{"line":122,"column":6},"end":{"line":133,"column":7}}],"line":122},"10":{"loc":{"start":{"line":124,"column":8},"end":{"line":128,"column":9}},"type":"if","locations":[{"start":{"line":124,"column":8},"end":{"line":128,"column":9}},{"start":{"line":124,"column":8},"end":{"line":128,"column":9}}],"line":124},"11":{"loc":{"start":{"line":129,"column":8},"end":{"line":131,"column":9}},"type":"if","locations":[{"start":{"line":129,"column":8},"end":{"line":131,"column":9}},{"start":{"line":129,"column":8},"end":{"line":131,"column":9}}],"line":129},"12":{"loc":{"start":{"line":196,"column":44},"end":{"line":203,"column":16}},"type":"binary-expr","locations":[{"start":{"line":196,"column":44},"end":{"line":203,"column":6}},{"start":{"line":203,"column":10},"end":{"line":203,"column":16}}],"line":196},"13":{"loc":{"start":{"line":198,"column":6},"end":{"line":198,"column":50}},"type":"cond-expr","locations":[{"start":{"line":198,"column":23},"end":{"line":198,"column":35}},{"start":{"line":198,"column":38},"end":{"line":198,"column":50}}],"line":198},"14":{"loc":{"start":{"line":199,"column":10},"end":{"line":199,"column":80}},"type":"cond-expr","locations":[{"start":{"line":199,"column":27},"end":{"line":199,"column":29}},{"start":{"line":199,"column":32},"end":{"line":199,"column":80}}],"line":199},"15":{"loc":{"start":{"line":201,"column":10},"end":{"line":201,"column":70}},"type":"cond-expr","locations":[{"start":{"line":201,"column":24},"end":{"line":201,"column":65}},{"start":{"line":201,"column":68},"end":{"line":201,"column":70}}],"line":201},"16":{"loc":{"start":{"line":202,"column":10},"end":{"line":202,"column":78}},"type":"cond-expr","locations":[{"start":{"line":202,"column":26},"end":{"line":202,"column":73}},{"start":{"line":202,"column":76},"end":{"line":202,"column":78}}],"line":202},"17":{"loc":{"start":{"line":214,"column":6},"end":{"line":214,"column":50}},"type":"cond-expr","locations":[{"start":{"line":214,"column":23},"end":{"line":214,"column":35}},{"start":{"line":214,"column":38},"end":{"line":214,"column":50}}],"line":214},"18":{"loc":{"start":{"line":225,"column":6},"end":{"line":225,"column":50}},"type":"cond-expr","locations":[{"start":{"line":225,"column":23},"end":{"line":225,"column":35}},{"start":{"line":225,"column":38},"end":{"line":225,"column":50}}],"line":225},"19":{"loc":{"start":{"line":229,"column":10},"end":{"line":229,"column":80}},"type":"cond-expr","locations":[{"start":{"line":229,"column":27},"end":{"line":229,"column":29}},{"start":{"line":229,"column":32},"end":{"line":229,"column":80}}],"line":229},"20":{"loc":{"start":{"line":231,"column":10},"end":{"line":231,"column":71}},"type":"cond-expr","locations":[{"start":{"line":231,"column":24},"end":{"line":231,"column":66}},{"start":{"line":231,"column":69},"end":{"line":231,"column":71}}],"line":231},"21":{"loc":{"start":{"line":232,"column":10},"end":{"line":232,"column":77}},"type":"cond-expr","locations":[{"start":{"line":232,"column":26},"end":{"line":232,"column":72}},{"start":{"line":232,"column":75},"end":{"line":232,"column":77}}],"line":232}},"s":{"0":1,"1":1,"2":1,"3":1,"4":1,"5":20,"6":20,"7":12,"8":113,"9":511,"10":92,"11":92,"12":92,"13":92,"14":18,"15":18,"16":18,"17":92,"18":58,"19":225,"20":225,"21":225,"22":31,"23":194,"24":225,"25":9,"26":25,"27":25,"28":25,"29":7,"30":7,"31":24,"32":18,"33":25,"34":7,"35":1,"36":1,"37":0,"38":14,"39":14,"40":14,"41":8,"42":67,"43":17,"44":14,"45":14,"46":0,"47":0,"48":14,"49":7,"50":14,"51":62,"52":62,"53":62,"54":54,"55":8,"56":8,"57":8,"58":8,"59":62,"60":62,"61":62,"62":20,"63":20,"64":20,"65":20,"66":76,"67":76,"68":76,"69":14,"70":62,"71":76,"72":8,"73":76,"74":20,"75":20,"76":20,"77":20,"78":2,"79":3,"80":3,"81":1,"82":1,"83":1,"84":1,"85":1,"86":1,"87":0,"88":32,"89":7,"90":2,"91":0,"92":39,"93":71,"94":9,"95":1,"96":0,"97":1,"98":1,"99":1,"100":1,"101":0,"102":0,"103":32,"104":7,"105":1,"106":1,"107":1},"f":{"0":20,"1":113,"2":511,"3":92,"4":58,"5":225,"6":9,"7":25,"8":7,"9":1,"10":14,"11":8,"12":67,"13":17,"14":62,"15":20,"16":3,"17":2,"18":1,"19":0,"20":32,"21":7,"22":2,"23":0,"24":39,"25":71,"26":9,"27":1,"28":0,"29":1,"30":1,"31":0,"32":32,"33":7},"b":{"0":[12,8],"1":[18,74],"2":[225,0],"3":[31,194],"4":[25,0],"5":[7,18],"6":[1,6],"7":[0,1],"8":[7,7],"9":[76,0],"10":[14,62],"11":[8,68],"12":[1,1],"13":[1,0],"14":[1,0],"15":[0,1],"16":[0,1],"17":[32,0],"18":[7,0],"19":[7,0],"20":[0,7],"21":[0,7]},"_coverageSchema":"43e27e138ebf9cfc5966b082cf9a028302ed4184","hash":"2c476e6220f776c311d1836c76ed77a0b70ef310","contentHash":"71e74383967c3c2bda1eea454377e111"},"/home/travis/build/nd-toolkit/source-code/source/@ndk/fn/datetime.js":{"path":"/home/travis/build/nd-toolkit/source-code/source/@ndk/fn/datetime.js","statementMap":{"0":{"start":{"line":4,"column":17},"end":{"line":4,"column":42}},"1":{"start":{"line":14,"column":4},"end":{"line":14,"column":23}},"2":{"start":{"line":15,"column":4},"end":{"line":15,"column":36}},"3":{"start":{"line":16,"column":4},"end":{"line":16,"column":22}},"4":{"start":{"line":23,"column":4},"end":{"line":23,"column":46}},"5":{"start":{"line":31,"column":17},"end":{"line":31,"column":59}},"6":{"start":{"line":32,"column":4},"end":{"line":32,"column":50}},"7":{"start":{"line":33,"column":4},"end":{"line":37,"column":5}},"8":{"start":{"line":34,"column":6},"end":{"line":34,"column":40}},"9":{"start":{"line":36,"column":6},"end":{"line":36,"column":20}},"10":{"start":{"line":45,"column":4},"end":{"line":45,"column":27}},"11":{"start":{"line":54,"column":4},"end":{"line":58,"column":5}},"12":{"start":{"line":55,"column":6},"end":{"line":55,"column":76}},"13":{"start":{"line":57,"column":6},"end":{"line":57,"column":93}},"14":{"start":{"line":72,"column":4},"end":{"line":72,"column":12}},"15":{"start":{"line":73,"column":4},"end":{"line":73,"column":28}},"16":{"start":{"line":81,"column":4},"end":{"line":81,"column":53}},"17":{"start":{"line":89,"column":4},"end":{"line":89,"column":33}},"18":{"start":{"line":96,"column":4},"end":{"line":99,"column":7}},"19":{"start":{"line":97,"column":6},"end":{"line":98,"column":20}},"20":{"start":{"line":98,"column":8},"end":{"line":98,"column":20}},"21":{"start":{"line":100,"column":4},"end":{"line":100,"column":16}},"22":{"start":{"line":112,"column":2},"end":{"line":112,"column":28}},"23":{"start":{"line":113,"column":15},"end":{"line":113,"column":33}},"24":{"start":{"line":114,"column":16},"end":{"line":114,"column":56}},"25":{"start":{"line":115,"column":14},"end":{"line":115,"column":49}},"26":{"start":{"line":116,"column":2},"end":{"line":116,"column":45}},"27":{"start":{"line":125,"column":2},"end":{"line":125,"column":28}},"28":{"start":{"line":126,"column":16},"end":{"line":126,"column":52}},"29":{"start":{"line":127,"column":18},"end":{"line":127,"column":56}},"30":{"start":{"line":128,"column":18},"end":{"line":128,"column":56}},"31":{"start":{"line":129,"column":2},"end":{"line":129,"column":42}},"32":{"start":{"line":138,"column":2},"end":{"line":138,"column":28}},"33":{"start":{"line":139,"column":16},"end":{"line":139,"column":52}},"34":{"start":{"line":140,"column":18},"end":{"line":140,"column":56}},"35":{"start":{"line":141,"column":18},"end":{"line":141,"column":56}},"36":{"start":{"line":142,"column":23},"end":{"line":142,"column":66}},"37":{"start":{"line":143,"column":2},"end":{"line":143,"column":58}},"38":{"start":{"line":146,"column":0},"end":{"line":146,"column":38}},"39":{"start":{"line":147,"column":0},"end":{"line":147,"column":28}},"40":{"start":{"line":148,"column":0},"end":{"line":148,"column":36}},"41":{"start":{"line":149,"column":0},"end":{"line":149,"column":36}},"42":{"start":{"line":150,"column":0},"end":{"line":150,"column":46}}},"fnMap":{"0":{"name":"(anonymous_0)","decl":{"start":{"line":13,"column":2},"end":{"line":13,"column":3}},"loc":{"start":{"line":13,"column":21},"end":{"line":17,"column":3}},"line":13},"1":{"name":"(anonymous_1)","decl":{"start":{"line":22,"column":2},"end":{"line":22,"column":3}},"loc":{"start":{"line":22,"column":8},"end":{"line":24,"column":3}},"line":22},"2":{"name":"(anonymous_2)","decl":{"start":{"line":30,"column":2},"end":{"line":30,"column":3}},"loc":{"start":{"line":30,"column":13},"end":{"line":38,"column":3}},"line":30},"3":{"name":"(anonymous_3)","decl":{"start":{"line":44,"column":2},"end":{"line":44,"column":3}},"loc":{"start":{"line":44,"column":11},"end":{"line":46,"column":3}},"line":44},"4":{"name":"(anonymous_4)","decl":{"start":{"line":53,"column":2},"end":{"line":53,"column":3}},"loc":{"start":{"line":53,"column":32},"end":{"line":59,"column":3}},"line":53},"5":{"name":"(anonymous_5)","decl":{"start":{"line":71,"column":2},"end":{"line":71,"column":3}},"loc":{"start":{"line":71,"column":16},"end":{"line":74,"column":3}},"line":71},"6":{"name":"(anonymous_6)","decl":{"start":{"line":80,"column":2},"end":{"line":80,"column":3}},"loc":{"start":{"line":80,"column":14},"end":{"line":82,"column":3}},"line":80},"7":{"name":"(anonymous_7)","decl":{"start":{"line":88,"column":2},"end":{"line":88,"column":3}},"loc":{"start":{"line":88,"column":17},"end":{"line":90,"column":3}},"line":88},"8":{"name":"(anonymous_8)","decl":{"start":{"line":95,"column":2},"end":{"line":95,"column":3}},"loc":{"start":{"line":95,"column":8},"end":{"line":101,"column":3}},"line":95},"9":{"name":"(anonymous_9)","decl":{"start":{"line":96,"column":24},"end":{"line":96,"column":25}},"loc":{"start":{"line":96,"column":33},"end":{"line":99,"column":5}},"line":96},"10":{"name":"toDateString","decl":{"start":{"line":111,"column":9},"end":{"line":111,"column":21}},"loc":{"start":{"line":111,"column":39},"end":{"line":117,"column":1}},"line":111},"11":{"name":"toTimeString","decl":{"start":{"line":124,"column":9},"end":{"line":124,"column":21}},"loc":{"start":{"line":124,"column":28},"end":{"line":130,"column":1}},"line":124},"12":{"name":"toTimeStampString","decl":{"start":{"line":137,"column":9},"end":{"line":137,"column":26}},"loc":{"start":{"line":137,"column":33},"end":{"line":144,"column":1}},"line":137}},"branchMap":{"0":{"loc":{"start":{"line":31,"column":17},"end":{"line":31,"column":59}},"type":"binary-expr","locations":[{"start":{"line":31,"column":17},"end":{"line":31,"column":27}},{"start":{"line":31,"column":31},"end":{"line":31,"column":59}}],"line":31},"1":{"loc":{"start":{"line":33,"column":4},"end":{"line":37,"column":5}},"type":"if","locations":[{"start":{"line":33,"column":4},"end":{"line":37,"column":5}},{"start":{"line":33,"column":4},"end":{"line":37,"column":5}}],"line":33},"2":{"loc":{"start":{"line":54,"column":4},"end":{"line":58,"column":5}},"type":"if","locations":[{"start":{"line":54,"column":4},"end":{"line":58,"column":5}},{"start":{"line":54,"column":4},"end":{"line":58,"column":5}}],"line":54},"3":{"loc":{"start":{"line":97,"column":6},"end":{"line":98,"column":20}},"type":"if","locations":[{"start":{"line":97,"column":6},"end":{"line":98,"column":20}},{"start":{"line":97,"column":6},"end":{"line":98,"column":20}}],"line":97},"4":{"loc":{"start":{"line":111,"column":28},"end":{"line":111,"column":37}},"type":"default-arg","locations":[{"start":{"line":111,"column":34},"end":{"line":111,"column":37}}],"line":111},"5":{"loc":{"start":{"line":112,"column":9},"end":{"line":112,"column":27}},"type":"binary-expr","locations":[{"start":{"line":112,"column":9},"end":{"line":112,"column":13}},{"start":{"line":112,"column":17},"end":{"line":112,"column":27}}],"line":112},"6":{"loc":{"start":{"line":125,"column":9},"end":{"line":125,"column":27}},"type":"binary-expr","locations":[{"start":{"line":125,"column":9},"end":{"line":125,"column":13}},{"start":{"line":125,"column":17},"end":{"line":125,"column":27}}],"line":125},"7":{"loc":{"start":{"line":138,"column":9},"end":{"line":138,"column":27}},"type":"binary-expr","locations":[{"start":{"line":138,"column":9},"end":{"line":138,"column":13}},{"start":{"line":138,"column":17},"end":{"line":138,"column":27}}],"line":138}},"s":{"0":1,"1":104,"2":104,"3":104,"4":86,"5":59,"6":59,"7":59,"8":1,"9":58,"10":1,"11":59,"12":10,"13":49,"14":2,"15":2,"16":2,"17":1,"18":1,"19":1,"20":1,"21":1,"22":4,"23":4,"24":4,"25":4,"26":4,"27":5,"28":5,"29":5,"30":5,"31":5,"32":45,"33":45,"34":45,"35":45,"36":45,"37":45,"38":1,"39":1,"40":1,"41":1,"42":1},"f":{"0":104,"1":86,"2":59,"3":1,"4":59,"5":2,"6":2,"7":1,"8":1,"9":1,"10":4,"11":5,"12":45},"b":{"0":[59,2],"1":[1,58],"2":[10,49],"3":[1,0],"4":[3],"5":[4,1],"6":[5,1],"7":[45,41]},"_coverageSchema":"43e27e138ebf9cfc5966b082cf9a028302ed4184","hash":"4a09013d12630d15bed5cc8d2d69890a251d2bed","contentHash":"f230722fd265f92c5eb42131e7ebd763"},"/home/travis/build/nd-toolkit/source-code/source/tests/@ndk/all/index.js":{"path":"/home/travis/build/nd-toolkit/source-code/source/tests/@ndk/all/index.js","statementMap":{"0":{"start":{"line":3,"column":12},"end":{"line":3,"column":31}},"1":{"start":{"line":4,"column":17},"end":{"line":4,"column":37}},"2":{"start":{"line":5,"column":18},"end":{"line":5,"column":42}},"3":{"start":{"line":11,"column":4},"end":{"line":11,"column":22}},"4":{"start":{"line":15,"column":4},"end":{"line":18,"column":5}},"5":{"start":{"line":16,"column":27},"end":{"line":16,"column":56}},"6":{"start":{"line":17,"column":6},"end":{"line":17,"column":83}},"7":{"start":{"line":24,"column":0},"end":{"line":24,"column":21}},"8":{"start":{"line":25,"column":0},"end":{"line":25,"column":22}}},"fnMap":{"0":{"name":"(anonymous_0)","decl":{"start":{"line":10,"column":2},"end":{"line":10,"column":3}},"loc":{"start":{"line":10,"column":13},"end":{"line":12,"column":3}},"line":10},"1":{"name":"(anonymous_1)","decl":{"start":{"line":14,"column":2},"end":{"line":14,"column":3}},"loc":{"start":{"line":14,"column":31},"end":{"line":19,"column":3}},"line":14}},"branchMap":{},"s":{"0":1,"1":1,"2":1,"3":2,"4":1,"5":13,"6":13,"7":1,"8":1},"f":{"0":2,"1":1},"b":{},"_coverageSchema":"43e27e138ebf9cfc5966b082cf9a028302ed4184","hash":"33984175742c874754e7510a72f74e5339cbbcbd","contentHash":"0f4696c661e66f6d46b907d964c909ec"},"/home/travis/build/nd-toolkit/source-code/source/@ndk/all/ndk.all.js":{"path":"/home/travis/build/nd-toolkit/source-code/source/@ndk/all/ndk.all.js","statementMap":{"0":{"start":{"line":3,"column":16},"end":{"line":3,"column":18}},"1":{"start":{"line":4,"column":15},"end":{"line":4,"column":52}},"2":{"start":{"line":4,"column":23},"end":{"line":4,"column":52}},"3":{"start":{"line":7,"column":0},"end":{"line":47,"column":2}},"4":{"start":{"line":9,"column":4},"end":{"line":9,"column":53}},"5":{"start":{"line":12,"column":4},"end":{"line":12,"column":53}},"6":{"start":{"line":15,"column":4},"end":{"line":15,"column":61}},"7":{"start":{"line":18,"column":4},"end":{"line":18,"column":53}},"8":{"start":{"line":21,"column":4},"end":{"line":21,"column":53}},"9":{"start":{"line":24,"column":4},"end":{"line":24,"column":51}},"10":{"start":{"line":27,"column":4},"end":{"line":27,"column":51}},"11":{"start":{"line":30,"column":4},"end":{"line":30,"column":53}},"12":{"start":{"line":33,"column":4},"end":{"line":33,"column":53}},"13":{"start":{"line":36,"column":4},"end":{"line":36,"column":51}},"14":{"start":{"line":39,"column":4},"end":{"line":39,"column":51}},"15":{"start":{"line":42,"column":4},"end":{"line":42,"column":55}},"16":{"start":{"line":45,"column":4},"end":{"line":45,"column":55}}},"fnMap":{"0":{"name":"(anonymous_0)","decl":{"start":{"line":4,"column":15},"end":{"line":4,"column":16}},"loc":{"start":{"line":4,"column":23},"end":{"line":4,"column":52}},"line":4},"1":{"name":"(anonymous_1)","decl":{"start":{"line":8,"column":2},"end":{"line":8,"column":3}},"loc":{"start":{"line":8,"column":12},"end":{"line":10,"column":3}},"line":8},"2":{"name":"(anonymous_2)","decl":{"start":{"line":11,"column":2},"end":{"line":11,"column":3}},"loc":{"start":{"line":11,"column":12},"end":{"line":13,"column":3}},"line":11},"3":{"name":"(anonymous_3)","decl":{"start":{"line":14,"column":2},"end":{"line":14,"column":3}},"loc":{"start":{"line":14,"column":16},"end":{"line":16,"column":3}},"line":14},"4":{"name":"(anonymous_4)","decl":{"start":{"line":17,"column":2},"end":{"line":17,"column":3}},"loc":{"start":{"line":17,"column":12},"end":{"line":19,"column":3}},"line":17},"5":{"name":"(anonymous_5)","decl":{"start":{"line":20,"column":2},"end":{"line":20,"column":3}},"loc":{"start":{"line":20,"column":12},"end":{"line":22,"column":3}},"line":20},"6":{"name":"(anonymous_6)","decl":{"start":{"line":23,"column":2},"end":{"line":23,"column":3}},"loc":{"start":{"line":23,"column":11},"end":{"line":25,"column":3}},"line":23},"7":{"name":"(anonymous_7)","decl":{"start":{"line":26,"column":2},"end":{"line":26,"column":3}},"loc":{"start":{"line":26,"column":11},"end":{"line":28,"column":3}},"line":26},"8":{"name":"(anonymous_8)","decl":{"start":{"line":29,"column":2},"end":{"line":29,"column":3}},"loc":{"start":{"line":29,"column":12},"end":{"line":31,"column":3}},"line":29},"9":{"name":"(anonymous_9)","decl":{"start":{"line":32,"column":2},"end":{"line":32,"column":3}},"loc":{"start":{"line":32,"column":12},"end":{"line":34,"column":3}},"line":32},"10":{"name":"(anonymous_10)","decl":{"start":{"line":35,"column":2},"end":{"line":35,"column":3}},"loc":{"start":{"line":35,"column":11},"end":{"line":37,"column":3}},"line":35},"11":{"name":"(anonymous_11)","decl":{"start":{"line":38,"column":2},"end":{"line":38,"column":3}},"loc":{"start":{"line":38,"column":11},"end":{"line":40,"column":3}},"line":38},"12":{"name":"(anonymous_12)","decl":{"start":{"line":41,"column":2},"end":{"line":41,"column":3}},"loc":{"start":{"line":41,"column":13},"end":{"line":43,"column":3}},"line":41},"13":{"name":"(anonymous_13)","decl":{"start":{"line":44,"column":2},"end":{"line":44,"column":3}},"loc":{"start":{"line":44,"column":13},"end":{"line":46,"column":3}},"line":44}},"branchMap":{"0":{"loc":{"start":{"line":9,"column":11},"end":{"line":9,"column":52}},"type":"binary-expr","locations":[{"start":{"line":9,"column":11},"end":{"line":9,"column":30}},{"start":{"line":9,"column":34},"end":{"line":9,"column":52}}],"line":9},"1":{"loc":{"start":{"line":12,"column":11},"end":{"line":12,"column":52}},"type":"binary-expr","locations":[{"start":{"line":12,"column":11},"end":{"line":12,"column":30}},{"start":{"line":12,"column":34},"end":{"line":12,"column":52}}],"line":12},"2":{"loc":{"start":{"line":15,"column":11},"end":{"line":15,"column":60}},"type":"binary-expr","locations":[{"start":{"line":15,"column":11},"end":{"line":15,"column":34}},{"start":{"line":15,"column":38},"end":{"line":15,"column":60}}],"line":15},"3":{"loc":{"start":{"line":18,"column":11},"end":{"line":18,"column":52}},"type":"binary-expr","locations":[{"start":{"line":18,"column":11},"end":{"line":18,"column":30}},{"start":{"line":18,"column":34},"end":{"line":18,"column":52}}],"line":18},"4":{"loc":{"start":{"line":21,"column":11},"end":{"line":21,"column":52}},"type":"binary-expr","locations":[{"start":{"line":21,"column":11},"end":{"line":21,"column":30}},{"start":{"line":21,"column":34},"end":{"line":21,"column":52}}],"line":21},"5":{"loc":{"start":{"line":24,"column":11},"end":{"line":24,"column":50}},"type":"binary-expr","locations":[{"start":{"line":24,"column":11},"end":{"line":24,"column":29}},{"start":{"line":24,"column":33},"end":{"line":24,"column":50}}],"line":24},"6":{"loc":{"start":{"line":27,"column":11},"end":{"line":27,"column":50}},"type":"binary-expr","locations":[{"start":{"line":27,"column":11},"end":{"line":27,"column":29}},{"start":{"line":27,"column":33},"end":{"line":27,"column":50}}],"line":27},"7":{"loc":{"start":{"line":30,"column":11},"end":{"line":30,"column":52}},"type":"binary-expr","locations":[{"start":{"line":30,"column":11},"end":{"line":30,"column":30}},{"start":{"line":30,"column":34},"end":{"line":30,"column":52}}],"line":30},"8":{"loc":{"start":{"line":33,"column":11},"end":{"line":33,"column":52}},"type":"binary-expr","locations":[{"start":{"line":33,"column":11},"end":{"line":33,"column":30}},{"start":{"line":33,"column":34},"end":{"line":33,"column":52}}],"line":33},"9":{"loc":{"start":{"line":36,"column":11},"end":{"line":36,"column":50}},"type":"binary-expr","locations":[{"start":{"line":36,"column":11},"end":{"line":36,"column":29}},{"start":{"line":36,"column":33},"end":{"line":36,"column":50}}],"line":36},"10":{"loc":{"start":{"line":39,"column":11},"end":{"line":39,"column":50}},"type":"binary-expr","locations":[{"start":{"line":39,"column":11},"end":{"line":39,"column":29}},{"start":{"line":39,"column":33},"end":{"line":39,"column":50}}],"line":39},"11":{"loc":{"start":{"line":42,"column":11},"end":{"line":42,"column":54}},"type":"binary-expr","locations":[{"start":{"line":42,"column":11},"end":{"line":42,"column":31}},{"start":{"line":42,"column":35},"end":{"line":42,"column":54}}],"line":42},"12":{"loc":{"start":{"line":45,"column":11},"end":{"line":45,"column":54}},"type":"binary-expr","locations":[{"start":{"line":45,"column":11},"end":{"line":45,"column":31}},{"start":{"line":45,"column":35},"end":{"line":45,"column":54}}],"line":45}},"s":{"0":1,"1":1,"2":13,"3":1,"4":1,"5":1,"6":1,"7":1,"8":1,"9":1,"10":1,"11":1,"12":1,"13":1,"14":1,"15":1,"16":1},"f":{"0":13,"1":1,"2":1,"3":1,"4":1,"5":1,"6":1,"7":1,"8":1,"9":1,"10":1,"11":1,"12":1,"13":1},"b":{"0":[1,1],"1":[1,1],"2":[1,1],"3":[1,1],"4":[1,1],"5":[1,1],"6":[1,1],"7":[1,1],"8":[1,1],"9":[1,1],"10":[1,1],"11":[1,1],"12":[1,1]},"_coverageSchema":"43e27e138ebf9cfc5966b082cf9a028302ed4184","hash":"9b13027c3ecaafb1bbdc8af0b97a396aadb6fcfe","contentHash":"2ad7d1973d96e01da388a5ef802fa019"},"/home/travis/build/nd-toolkit/source-code/source/tests/@ndk/env/index.js":{"path":"/home/travis/build/nd-toolkit/source-code/source/tests/@ndk/env/index.js","statementMap":{"0":{"start":{"line":3,"column":26},"end":{"line":3,"column":41}},"1":{"start":{"line":4,"column":21},"end":{"line":4,"column":45}},"2":{"start":{"line":5,"column":20},"end":{"line":5,"column":33}},"3":{"start":{"line":6,"column":17},"end":{"line":6,"column":37}},"4":{"start":{"line":7,"column":29},"end":{"line":7,"column":53}},"5":{"start":{"line":8,"column":59},"end":{"line":8,"column":78}},"6":{"start":{"line":10,"column":20},"end":{"line":10,"column":55}},"7":{"start":{"line":11,"column":23},"end":{"line":11,"column":56}},"8":{"start":{"line":12,"column":20},"end":{"line":12,"column":48}},"9":{"start":{"line":13,"column":20},"end":{"line":13,"column":54}},"10":{"start":{"line":14,"column":18},"end":{"line":14,"column":82}},"11":{"start":{"line":15,"column":21},"end":{"line":15,"column":52}},"12":{"start":{"line":16,"column":18},"end":{"line":16,"column":26}},"13":{"start":{"line":17,"column":18},"end":{"line":17,"column":50}},"14":{"start":{"line":23,"column":4},"end":{"line":23,"column":22}},"15":{"start":{"line":27,"column":4},"end":{"line":27,"column":32}},"16":{"start":{"line":28,"column":4},"end":{"line":28,"column":38}},"17":{"start":{"line":29,"column":4},"end":{"line":29,"column":32}},"18":{"start":{"line":30,"column":4},"end":{"line":30,"column":32}},"19":{"start":{"line":31,"column":19},"end":{"line":31,"column":71}},"20":{"start":{"line":32,"column":4},"end":{"line":32,"column":37}},"21":{"start":{"line":33,"column":4},"end":{"line":33,"column":43}},"22":{"start":{"line":34,"column":4},"end":{"line":34,"column":37}},"23":{"start":{"line":35,"column":4},"end":{"line":35,"column":37}},"24":{"start":{"line":36,"column":4},"end":{"line":36,"column":34}},"25":{"start":{"line":37,"column":4},"end":{"line":37,"column":36}},"26":{"start":{"line":41,"column":19},"end":{"line":41,"column":88}},"27":{"start":{"line":42,"column":19},"end":{"line":42,"column":81}},"28":{"start":{"line":43,"column":4},"end":{"line":43,"column":46}},"29":{"start":{"line":44,"column":4},"end":{"line":53,"column":7}},"30":{"start":{"line":57,"column":16},"end":{"line":60,"column":6}},"31":{"start":{"line":61,"column":22},"end":{"line":61,"column":87}},"32":{"start":{"line":62,"column":4},"end":{"line":62,"column":47}},"33":{"start":{"line":63,"column":4},"end":{"line":63,"column":49}},"34":{"start":{"line":64,"column":19},"end":{"line":64,"column":80}},"35":{"start":{"line":65,"column":4},"end":{"line":65,"column":35}},"36":{"start":{"line":66,"column":4},"end":{"line":66,"column":37}},"37":{"start":{"line":70,"column":16},"end":{"line":72,"column":6}},"38":{"start":{"line":73,"column":19},"end":{"line":73,"column":80}},"39":{"start":{"line":74,"column":4},"end":{"line":74,"column":43}},"40":{"start":{"line":80,"column":0},"end":{"line":80,"column":24}},"41":{"start":{"line":81,"column":0},"end":{"line":81,"column":25}}},"fnMap":{"0":{"name":"(anonymous_0)","decl":{"start":{"line":22,"column":2},"end":{"line":22,"column":3}},"loc":{"start":{"line":22,"column":13},"end":{"line":24,"column":3}},"line":22},"1":{"name":"(anonymous_1)","decl":{"start":{"line":26,"column":2},"end":{"line":26,"column":3}},"loc":{"start":{"line":26,"column":27},"end":{"line":38,"column":3}},"line":26},"2":{"name":"(anonymous_2)","decl":{"start":{"line":40,"column":2},"end":{"line":40,"column":3}},"loc":{"start":{"line":40,"column":27},"end":{"line":54,"column":3}},"line":40},"3":{"name":"(anonymous_3)","decl":{"start":{"line":56,"column":2},"end":{"line":56,"column":3}},"loc":{"start":{"line":56,"column":22},"end":{"line":67,"column":3}},"line":56},"4":{"name":"(anonymous_4)","decl":{"start":{"line":69,"column":2},"end":{"line":69,"column":3}},"loc":{"start":{"line":69,"column":37},"end":{"line":75,"column":3}},"line":69}},"branchMap":{},"s":{"0":1,"1":1,"2":1,"3":1,"4":1,"5":1,"6":1,"7":1,"8":1,"9":1,"10":1,"11":1,"12":1,"13":1,"14":5,"15":1,"16":1,"17":1,"18":1,"19":1,"20":1,"21":1,"22":1,"23":1,"24":1,"25":1,"26":1,"27":1,"28":1,"29":1,"30":1,"31":1,"32":1,"33":1,"34":1,"35":1,"36":1,"37":1,"38":1,"39":1,"40":1,"41":1},"f":{"0":5,"1":1,"2":1,"3":1,"4":1},"b":{},"_coverageSchema":"43e27e138ebf9cfc5966b082cf9a028302ed4184","hash":"47c98e81a27bc037df79b0394c0409403b46c93c","contentHash":"43db7e024ac9bba22c4e2f858ffaa032"},"/home/travis/build/nd-toolkit/source-code/source/@ndk/env/ndk.env.js":{"path":"/home/travis/build/nd-toolkit/source-code/source/@ndk/env/ndk.env.js","statementMap":{"0":{"start":{"line":4,"column":26},"end":{"line":4,"column":41}},"1":{"start":{"line":5,"column":23},"end":{"line":5,"column":36}},"2":{"start":{"line":6,"column":20},"end":{"line":6,"column":33}},"3":{"start":{"line":17,"column":16},"end":{"line":20,"column":1}},"4":{"start":{"line":76,"column":16},"end":{"line":76,"column":18}},"5":{"start":{"line":89,"column":18},"end":{"line":89,"column":20}},"6":{"start":{"line":93,"column":0},"end":{"line":116,"column":1}},"7":{"start":{"line":94,"column":2},"end":{"line":94,"column":41}},"8":{"start":{"line":95,"column":22},"end":{"line":95,"column":51}},"9":{"start":{"line":96,"column":2},"end":{"line":98,"column":3}},"10":{"start":{"line":97,"column":4},"end":{"line":97,"column":29}},"11":{"start":{"line":99,"column":7},"end":{"line":116,"column":1}},"12":{"start":{"line":100,"column":13},"end":{"line":100,"column":43}},"13":{"start":{"line":101,"column":13},"end":{"line":101,"column":26}},"14":{"start":{"line":102,"column":12},"end":{"line":102,"column":17}},"15":{"start":{"line":104,"column":2},"end":{"line":111,"column":3}},"16":{"start":{"line":105,"column":4},"end":{"line":105,"column":65}},"17":{"start":{"line":106,"column":4},"end":{"line":108,"column":5}},"18":{"start":{"line":107,"column":6},"end":{"line":107,"column":12}},"19":{"start":{"line":109,"column":4},"end":{"line":109,"column":18}},"20":{"start":{"line":110,"column":4},"end":{"line":110,"column":27}},"21":{"start":{"line":112,"column":2},"end":{"line":115,"column":3}},"22":{"start":{"line":113,"column":4},"end":{"line":113,"column":19}},"23":{"start":{"line":114,"column":4},"end":{"line":114,"column":29}},"24":{"start":{"line":120,"column":0},"end":{"line":124,"column":1}},"25":{"start":{"line":121,"column":2},"end":{"line":121,"column":41}},"26":{"start":{"line":122,"column":7},"end":{"line":124,"column":1}},"27":{"start":{"line":123,"column":2},"end":{"line":123,"column":37}},"28":{"start":{"line":128,"column":0},"end":{"line":130,"column":1}},"29":{"start":{"line":129,"column":2},"end":{"line":129,"column":43}},"30":{"start":{"line":135,"column":19},"end":{"line":135,"column":25}},"31":{"start":{"line":136,"column":19},"end":{"line":136,"column":33}},"32":{"start":{"line":137,"column":20},"end":{"line":137,"column":47}},"33":{"start":{"line":138,"column":2},"end":{"line":138,"column":22}},"34":{"start":{"line":139,"column":2},"end":{"line":139,"column":22}},"35":{"start":{"line":140,"column":2},"end":{"line":159,"column":3}},"36":{"start":{"line":141,"column":15},"end":{"line":141,"column":34}},"37":{"start":{"line":142,"column":4},"end":{"line":158,"column":5}},"38":{"start":{"line":143,"column":17},"end":{"line":143,"column":45}},"39":{"start":{"line":144,"column":6},"end":{"line":155,"column":7}},"40":{"start":{"line":146,"column":8},"end":{"line":154,"column":9}},"41":{"start":{"line":147,"column":25},"end":{"line":147,"column":46}},"42":{"start":{"line":148,"column":10},"end":{"line":148,"column":47}},"43":{"start":{"line":149,"column":15},"end":{"line":154,"column":9}},"44":{"start":{"line":150,"column":10},"end":{"line":150,"column":30}},"45":{"start":{"line":151,"column":10},"end":{"line":151,"column":37}},"46":{"start":{"line":153,"column":10},"end":{"line":153,"column":33}},"47":{"start":{"line":157,"column":6},"end":{"line":157,"column":25}},"48":{"start":{"line":163,"column":0},"end":{"line":163,"column":26}},"49":{"start":{"line":164,"column":0},"end":{"line":164,"column":26}},"50":{"start":{"line":165,"column":0},"end":{"line":165,"column":32}},"51":{"start":{"line":166,"column":0},"end":{"line":166,"column":26}},"52":{"start":{"line":167,"column":0},"end":{"line":167,"column":26}},"53":{"start":{"line":168,"column":0},"end":{"line":168,"column":26}},"54":{"start":{"line":169,"column":0},"end":{"line":169,"column":30}}},"fnMap":{},"branchMap":{"0":{"loc":{"start":{"line":93,"column":0},"end":{"line":116,"column":1}},"type":"if","locations":[{"start":{"line":93,"column":0},"end":{"line":116,"column":1}},{"start":{"line":93,"column":0},"end":{"line":116,"column":1}}],"line":93},"1":{"loc":{"start":{"line":96,"column":2},"end":{"line":98,"column":3}},"type":"if","locations":[{"start":{"line":96,"column":2},"end":{"line":98,"column":3}},{"start":{"line":96,"column":2},"end":{"line":98,"column":3}}],"line":96},"2":{"loc":{"start":{"line":99,"column":7},"end":{"line":116,"column":1}},"type":"if","locations":[{"start":{"line":99,"column":7},"end":{"line":116,"column":1}},{"start":{"line":99,"column":7},"end":{"line":116,"column":1}}],"line":99},"3":{"loc":{"start":{"line":106,"column":4},"end":{"line":108,"column":5}},"type":"if","locations":[{"start":{"line":106,"column":4},"end":{"line":108,"column":5}},{"start":{"line":106,"column":4},"end":{"line":108,"column":5}}],"line":106},"4":{"loc":{"start":{"line":112,"column":2},"end":{"line":115,"column":3}},"type":"if","locations":[{"start":{"line":112,"column":2},"end":{"line":115,"column":3}},{"start":{"line":112,"column":2},"end":{"line":115,"column":3}}],"line":112},"5":{"loc":{"start":{"line":120,"column":0},"end":{"line":124,"column":1}},"type":"if","locations":[{"start":{"line":120,"column":0},"end":{"line":124,"column":1}},{"start":{"line":120,"column":0},"end":{"line":124,"column":1}}],"line":120},"6":{"loc":{"start":{"line":122,"column":7},"end":{"line":124,"column":1}},"type":"if","locations":[{"start":{"line":122,"column":7},"end":{"line":124,"column":1}},{"start":{"line":122,"column":7},"end":{"line":124,"column":1}}],"line":122},"7":{"loc":{"start":{"line":128,"column":0},"end":{"line":130,"column":1}},"type":"if","locations":[{"start":{"line":128,"column":0},"end":{"line":130,"column":1}},{"start":{"line":128,"column":0},"end":{"line":130,"column":1}}],"line":128},"8":{"loc":{"start":{"line":142,"column":4},"end":{"line":158,"column":5}},"type":"if","locations":[{"start":{"line":142,"column":4},"end":{"line":158,"column":5}},{"start":{"line":142,"column":4},"end":{"line":158,"column":5}}],"line":142},"9":{"loc":{"start":{"line":144,"column":6},"end":{"line":155,"column":7}},"type":"if","locations":[{"start":{"line":144,"column":6},"end":{"line":155,"column":7}},{"start":{"line":144,"column":6},"end":{"line":155,"column":7}}],"line":144},"10":{"loc":{"start":{"line":146,"column":8},"end":{"line":154,"column":9}},"type":"if","locations":[{"start":{"line":146,"column":8},"end":{"line":154,"column":9}},{"start":{"line":146,"column":8},"end":{"line":154,"column":9}}],"line":146},"11":{"loc":{"start":{"line":149,"column":15},"end":{"line":154,"column":9}},"type":"if","locations":[{"start":{"line":149,"column":15},"end":{"line":154,"column":9}},{"start":{"line":149,"column":15},"end":{"line":154,"column":9}}],"line":149},"12":{"loc":{"start":{"line":149,"column":19},"end":{"line":149,"column":76}},"type":"binary-expr","locations":[{"start":{"line":149,"column":20},"end":{"line":149,"column":45}},{"start":{"line":149,"column":50},"end":{"line":149,"column":76}}],"line":149}},"s":{"0":1,"1":1,"2":1,"3":1,"4":1,"5":1,"6":1,"7":0,"8":0,"9":0,"10":0,"11":1,"12":1,"13":1,"14":1,"15":1,"16":3,"17":3,"18":1,"19":2,"20":2,"21":1,"22":1,"23":1,"24":1,"25":0,"26":1,"27":1,"28":1,"29":1,"30":1,"31":1,"32":1,"33":1,"34":1,"35":1,"36":0,"37":0,"38":0,"39":0,"40":0,"41":0,"42":0,"43":0,"44":0,"45":0,"46":0,"47":0,"48":1,"49":1,"50":1,"51":1,"52":1,"53":1,"54":1},"f":{},"b":{"0":[0,1],"1":[0,0],"2":[1,0],"3":[1,2],"4":[1,0],"5":[0,1],"6":[1,0],"7":[1,0],"8":[0,0],"9":[0,0],"10":[0,0],"11":[0,0],"12":[0,0]},"_coverageSchema":"43e27e138ebf9cfc5966b082cf9a028302ed4184","hash":"b6505ced36ecb6ca9f0e0691bcc7af6fa1f6fea0","contentHash":"d81c6f82815a706477c031c44aa7df46"},"/home/travis/build/nd-toolkit/source-code/source/tests/@ndk/fn/index.js":{"path":"/home/travis/build/nd-toolkit/source-code/source/tests/@ndk/fn/index.js","statementMap":{"0":{"start":{"line":2,"column":23},"end":{"line":2,"column":43}},"1":{"start":{"line":4,"column":15},"end":{"line":8,"column":2}},"2":{"start":{"line":10,"column":0},"end":{"line":10,"column":24}},"3":{"start":{"line":11,"column":0},"end":{"line":11,"column":25}}},"fnMap":{},"branchMap":{},"s":{"0":1,"1":1,"2":1,"3":1},"f":{},"b":{},"_coverageSchema":"43e27e138ebf9cfc5966b082cf9a028302ed4184","hash":"66aa83f95a74dd1b729eb565d3afd63ca57c5156","contentHash":"ace268eea8c0fb704607d3a7dcdd8862"},"/home/travis/build/nd-toolkit/source-code/source/tests/@ndk/fn/datetime.js":{"path":"/home/travis/build/nd-toolkit/source-code/source/tests/@ndk/fn/datetime.js","statementMap":{"0":{"start":{"line":2,"column":17},"end":{"line":2,"column":37}},"1":{"start":{"line":3,"column":27},"end":{"line":3,"column":44}},"2":{"start":{"line":4,"column":17},"end":{"line":4,"column":44}},"3":{"start":{"line":9,"column":4},"end":{"line":9,"column":30}},"4":{"start":{"line":13,"column":14},"end":{"line":13,"column":42}},"5":{"start":{"line":14,"column":4},"end":{"line":14,"column":30}},"6":{"start":{"line":15,"column":4},"end":{"line":15,"column":44}},"7":{"start":{"line":16,"column":4},"end":{"line":16,"column":40}},"8":{"start":{"line":17,"column":4},"end":{"line":17,"column":34}},"9":{"start":{"line":18,"column":4},"end":{"line":18,"column":40}},"10":{"start":{"line":19,"column":4},"end":{"line":19,"column":14}},"11":{"start":{"line":20,"column":4},"end":{"line":20,"column":42}},"12":{"start":{"line":21,"column":4},"end":{"line":21,"column":38}},"13":{"start":{"line":22,"column":4},"end":{"line":22,"column":37}},"14":{"start":{"line":26,"column":14},"end":{"line":26,"column":42}},"15":{"start":{"line":27,"column":4},"end":{"line":27,"column":23}},"16":{"start":{"line":28,"column":4},"end":{"line":28,"column":40}},"17":{"start":{"line":29,"column":4},"end":{"line":29,"column":29}},"18":{"start":{"line":30,"column":4},"end":{"line":30,"column":40}},"19":{"start":{"line":31,"column":4},"end":{"line":31,"column":30}},"20":{"start":{"line":32,"column":4},"end":{"line":32,"column":40}},"21":{"start":{"line":33,"column":4},"end":{"line":33,"column":31}},"22":{"start":{"line":34,"column":4},"end":{"line":34,"column":40}},"23":{"start":{"line":35,"column":4},"end":{"line":35,"column":31}},"24":{"start":{"line":36,"column":4},"end":{"line":36,"column":40}},"25":{"start":{"line":37,"column":4},"end":{"line":37,"column":31}},"26":{"start":{"line":38,"column":4},"end":{"line":38,"column":40}},"27":{"start":{"line":39,"column":4},"end":{"line":39,"column":31}},"28":{"start":{"line":40,"column":4},"end":{"line":40,"column":40}},"29":{"start":{"line":41,"column":4},"end":{"line":41,"column":31}},"30":{"start":{"line":42,"column":4},"end":{"line":42,"column":41}},"31":{"start":{"line":43,"column":4},"end":{"line":43,"column":31}},"32":{"start":{"line":44,"column":4},"end":{"line":44,"column":41}},"33":{"start":{"line":45,"column":4},"end":{"line":45,"column":31}},"34":{"start":{"line":46,"column":4},"end":{"line":46,"column":41}},"35":{"start":{"line":47,"column":4},"end":{"line":47,"column":28}},"36":{"start":{"line":48,"column":4},"end":{"line":48,"column":39}},"37":{"start":{"line":49,"column":4},"end":{"line":49,"column":28}},"38":{"start":{"line":50,"column":4},"end":{"line":50,"column":39}},"39":{"start":{"line":51,"column":4},"end":{"line":51,"column":28}},"40":{"start":{"line":52,"column":4},"end":{"line":52,"column":39}},"41":{"start":{"line":53,"column":4},"end":{"line":53,"column":26}},"42":{"start":{"line":54,"column":4},"end":{"line":54,"column":39}},"43":{"start":{"line":58,"column":14},"end":{"line":58,"column":42}},"44":{"start":{"line":59,"column":4},"end":{"line":59,"column":23}},"45":{"start":{"line":60,"column":4},"end":{"line":60,"column":57}},"46":{"start":{"line":64,"column":14},"end":{"line":64,"column":49}},"47":{"start":{"line":65,"column":4},"end":{"line":65,"column":37}},"48":{"start":{"line":66,"column":4},"end":{"line":66,"column":23}},"49":{"start":{"line":67,"column":4},"end":{"line":67,"column":47}},"50":{"start":{"line":71,"column":13},"end":{"line":71,"column":36}},"51":{"start":{"line":72,"column":4},"end":{"line":72,"column":52}},"52":{"start":{"line":73,"column":4},"end":{"line":73,"column":40}},"53":{"start":{"line":74,"column":4},"end":{"line":74,"column":36}},"54":{"start":{"line":75,"column":4},"end":{"line":75,"column":20}},"55":{"start":{"line":76,"column":4},"end":{"line":76,"column":36}},"56":{"start":{"line":77,"column":13},"end":{"line":77,"column":34}},"57":{"start":{"line":78,"column":4},"end":{"line":78,"column":33}},"58":{"start":{"line":79,"column":4},"end":{"line":79,"column":23}},"59":{"start":{"line":80,"column":4},"end":{"line":80,"column":41}},"60":{"start":{"line":81,"column":4},"end":{"line":81,"column":33}},"61":{"start":{"line":82,"column":4},"end":{"line":82,"column":20}},"62":{"start":{"line":83,"column":4},"end":{"line":83,"column":31}},"63":{"start":{"line":84,"column":4},"end":{"line":84,"column":13}},"64":{"start":{"line":85,"column":4},"end":{"line":85,"column":41}},"65":{"start":{"line":89,"column":4},"end":{"line":89,"column":77}},"66":{"start":{"line":90,"column":4},"end":{"line":90,"column":77}},"67":{"start":{"line":91,"column":4},"end":{"line":91,"column":82}},"68":{"start":{"line":95,"column":4},"end":{"line":95,"column":103}},"69":{"start":{"line":96,"column":4},"end":{"line":96,"column":75}},"70":{"start":{"line":97,"column":4},"end":{"line":97,"column":89}},"71":{"start":{"line":98,"column":4},"end":{"line":98,"column":91}},"72":{"start":{"line":102,"column":4},"end":{"line":102,"column":113}},"73":{"start":{"line":103,"column":4},"end":{"line":103,"column":84}},"74":{"start":{"line":104,"column":4},"end":{"line":104,"column":98}},"75":{"start":{"line":105,"column":4},"end":{"line":105,"column":100}},"76":{"start":{"line":110,"column":0},"end":{"line":110,"column":33}},"77":{"start":{"line":111,"column":0},"end":{"line":111,"column":34}}},"fnMap":{"0":{"name":"(anonymous_0)","decl":{"start":{"line":8,"column":2},"end":{"line":8,"column":3}},"loc":{"start":{"line":8,"column":13},"end":{"line":10,"column":3}},"line":8},"1":{"name":"(anonymous_1)","decl":{"start":{"line":12,"column":2},"end":{"line":12,"column":3}},"loc":{"start":{"line":12,"column":28},"end":{"line":23,"column":3}},"line":12},"2":{"name":"(anonymous_2)","decl":{"start":{"line":25,"column":2},"end":{"line":25,"column":3}},"loc":{"start":{"line":25,"column":37},"end":{"line":55,"column":3}},"line":25},"3":{"name":"(anonymous_3)","decl":{"start":{"line":57,"column":2},"end":{"line":57,"column":3}},"loc":{"start":{"line":57,"column":35},"end":{"line":61,"column":3}},"line":57},"4":{"name":"(anonymous_4)","decl":{"start":{"line":63,"column":2},"end":{"line":63,"column":3}},"loc":{"start":{"line":63,"column":36},"end":{"line":68,"column":3}},"line":63},"5":{"name":"(anonymous_5)","decl":{"start":{"line":70,"column":2},"end":{"line":70,"column":3}},"loc":{"start":{"line":70,"column":23},"end":{"line":86,"column":3}},"line":70},"6":{"name":"(anonymous_6)","decl":{"start":{"line":88,"column":2},"end":{"line":88,"column":3}},"loc":{"start":{"line":88,"column":27},"end":{"line":92,"column":3}},"line":88},"7":{"name":"(anonymous_7)","decl":{"start":{"line":94,"column":2},"end":{"line":94,"column":3}},"loc":{"start":{"line":94,"column":27},"end":{"line":99,"column":3}},"line":94},"8":{"name":"(anonymous_8)","decl":{"start":{"line":101,"column":2},"end":{"line":101,"column":3}},"loc":{"start":{"line":101,"column":32},"end":{"line":106,"column":3}},"line":101}},"branchMap":{},"s":{"0":1,"1":1,"2":1,"3":9,"4":1,"5":1,"6":1,"7":1,"8":1,"9":1,"10":1,"11":1,"12":1,"13":1,"14":1,"15":1,"16":1,"17":1,"18":1,"19":1,"20":1,"21":1,"22":1,"23":1,"24":1,"25":1,"26":1,"27":1,"28":1,"29":1,"30":1,"31":1,"32":1,"33":1,"34":1,"35":1,"36":1,"37":1,"38":1,"39":1,"40":1,"41":1,"42":1,"43":1,"44":1,"45":1,"46":1,"47":1,"48":1,"49":1,"50":1,"51":1,"52":1,"53":1,"54":1,"55":1,"56":1,"57":1,"58":1,"59":1,"60":1,"61":1,"62":1,"63":1,"64":1,"65":1,"66":1,"67":1,"68":1,"69":1,"70":1,"71":1,"72":1,"73":1,"74":1,"75":1,"76":1,"77":1},"f":{"0":9,"1":1,"2":1,"3":1,"4":1,"5":1,"6":1,"7":1,"8":1},"b":{},"_coverageSchema":"43e27e138ebf9cfc5966b082cf9a028302ed4184","hash":"291e4901e42d93e5497800de180d6baa1ad90a60","contentHash":"d87d95e7e48376c7a4a9cac48ae25c5a"},"/home/travis/build/nd-toolkit/source-code/source/tests/@ndk/test/index.js":{"path":"/home/travis/build/nd-toolkit/source-code/source/tests/@ndk/test/index.js","statementMap":{"0":{"start":{"line":3,"column":27},"end":{"line":3,"column":44}},"1":{"start":{"line":4,"column":20},"end":{"line":4,"column":35}},"2":{"start":{"line":5,"column":22},"end":{"line":5,"column":46}},"3":{"start":{"line":7,"column":29},"end":{"line":7,"column":49}},"4":{"start":{"line":17,"column":4},"end":{"line":19,"column":12}},"5":{"start":{"line":17,"column":37},"end":{"line":19,"column":10}},"6":{"start":{"line":18,"column":6},"end":{"line":18,"column":38}},"7":{"start":{"line":28,"column":4},"end":{"line":28,"column":23}},"8":{"start":{"line":43,"column":16},"end":{"line":43,"column":46}},"9":{"start":{"line":46,"column":4},"end":{"line":46,"column":23}},"10":{"start":{"line":52,"column":24},"end":{"line":57,"column":2}},"11":{"start":{"line":63,"column":4},"end":{"line":63,"column":23}},"12":{"start":{"line":67,"column":19},"end":{"line":67,"column":48}},"13":{"start":{"line":68,"column":16},"end":{"line":68,"column":42}},"14":{"start":{"line":69,"column":24},"end":{"line":69,"column":67}},"15":{"start":{"line":70,"column":4},"end":{"line":70,"column":38}},"16":{"start":{"line":71,"column":4},"end":{"line":71,"column":43}},"17":{"start":{"line":72,"column":17},"end":{"line":72,"column":34}},"18":{"start":{"line":73,"column":4},"end":{"line":73,"column":45}},"19":{"start":{"line":74,"column":19},"end":{"line":74,"column":23}},"20":{"start":{"line":75,"column":18},"end":{"line":85,"column":6}},"21":{"start":{"line":76,"column":20},"end":{"line":78,"column":13}},"22":{"start":{"line":77,"column":8},"end":{"line":77,"column":37}},"23":{"start":{"line":79,"column":6},"end":{"line":84,"column":9}},"24":{"start":{"line":80,"column":8},"end":{"line":80,"column":32}},"25":{"start":{"line":81,"column":8},"end":{"line":81,"column":57}},"26":{"start":{"line":82,"column":8},"end":{"line":82,"column":30}},"27":{"start":{"line":83,"column":8},"end":{"line":83,"column":18}},"28":{"start":{"line":86,"column":17},"end":{"line":86,"column":35}},"29":{"start":{"line":87,"column":4},"end":{"line":87,"column":39}},"30":{"start":{"line":88,"column":4},"end":{"line":88,"column":51}},"31":{"start":{"line":89,"column":4},"end":{"line":89,"column":40}},"32":{"start":{"line":90,"column":4},"end":{"line":90,"column":33}},"33":{"start":{"line":91,"column":4},"end":{"line":91,"column":33}},"34":{"start":{"line":92,"column":4},"end":{"line":92,"column":35}},"35":{"start":{"line":93,"column":4},"end":{"line":93,"column":34}},"36":{"start":{"line":94,"column":4},"end":{"line":94,"column":60}},"37":{"start":{"line":95,"column":4},"end":{"line":95,"column":74}},"38":{"start":{"line":96,"column":4},"end":{"line":96,"column":66}},"39":{"start":{"line":97,"column":4},"end":{"line":97,"column":75}},"40":{"start":{"line":98,"column":4},"end":{"line":98,"column":63}},"41":{"start":{"line":99,"column":4},"end":{"line":99,"column":54}},"42":{"start":{"line":100,"column":4},"end":{"line":100,"column":56}},"43":{"start":{"line":101,"column":4},"end":{"line":101,"column":18}},"44":{"start":{"line":102,"column":4},"end":{"line":102,"column":57}},"45":{"start":{"line":106,"column":16},"end":{"line":106,"column":45}},"46":{"start":{"line":107,"column":25},"end":{"line":107,"column":63}},"47":{"start":{"line":108,"column":33},"end":{"line":112,"column":5}},"48":{"start":{"line":113,"column":4},"end":{"line":113,"column":52}},"49":{"start":{"line":114,"column":4},"end":{"line":114,"column":61}},"50":{"start":{"line":115,"column":20},"end":{"line":115,"column":40}},"51":{"start":{"line":116,"column":18},"end":{"line":125,"column":6}},"52":{"start":{"line":117,"column":20},"end":{"line":119,"column":13}},"53":{"start":{"line":118,"column":8},"end":{"line":118,"column":37}},"54":{"start":{"line":120,"column":6},"end":{"line":124,"column":9}},"55":{"start":{"line":121,"column":8},"end":{"line":121,"column":57}},"56":{"start":{"line":122,"column":8},"end":{"line":122,"column":30}},"57":{"start":{"line":123,"column":8},"end":{"line":123,"column":18}},"58":{"start":{"line":126,"column":17},"end":{"line":126,"column":38}},"59":{"start":{"line":127,"column":4},"end":{"line":127,"column":18}},"60":{"start":{"line":128,"column":4},"end":{"line":128,"column":40}},"61":{"start":{"line":129,"column":4},"end":{"line":129,"column":33}},"62":{"start":{"line":130,"column":4},"end":{"line":130,"column":33}},"63":{"start":{"line":131,"column":4},"end":{"line":131,"column":35}},"64":{"start":{"line":132,"column":4},"end":{"line":132,"column":34}},"65":{"start":{"line":133,"column":4},"end":{"line":133,"column":63}},"66":{"start":{"line":134,"column":4},"end":{"line":134,"column":74}},"67":{"start":{"line":135,"column":4},"end":{"line":135,"column":48}},"68":{"start":{"line":136,"column":4},"end":{"line":136,"column":64}},"69":{"start":{"line":137,"column":4},"end":{"line":137,"column":65}},"70":{"start":{"line":138,"column":4},"end":{"line":138,"column":74}},"71":{"start":{"line":139,"column":4},"end":{"line":139,"column":68}},"72":{"start":{"line":140,"column":4},"end":{"line":140,"column":71}},"73":{"start":{"line":141,"column":4},"end":{"line":141,"column":75}},"74":{"start":{"line":142,"column":4},"end":{"line":142,"column":70}},"75":{"start":{"line":143,"column":4},"end":{"line":143,"column":73}},"76":{"start":{"line":144,"column":18},"end":{"line":144,"column":55}},"77":{"start":{"line":145,"column":4},"end":{"line":145,"column":59}},"78":{"start":{"line":146,"column":4},"end":{"line":146,"column":56}},"79":{"start":{"line":147,"column":4},"end":{"line":147,"column":47}},"80":{"start":{"line":148,"column":4},"end":{"line":148,"column":49}},"81":{"start":{"line":152,"column":19},"end":{"line":152,"column":49}},"82":{"start":{"line":153,"column":16},"end":{"line":153,"column":43}},"83":{"start":{"line":154,"column":27},"end":{"line":154,"column":40}},"84":{"start":{"line":155,"column":24},"end":{"line":155,"column":67}},"85":{"start":{"line":156,"column":4},"end":{"line":156,"column":41}},"86":{"start":{"line":157,"column":4},"end":{"line":157,"column":49}},"87":{"start":{"line":158,"column":4},"end":{"line":158,"column":43}},"88":{"start":{"line":159,"column":18},"end":{"line":159,"column":36}},"89":{"start":{"line":160,"column":17},"end":{"line":160,"column":36}},"90":{"start":{"line":161,"column":4},"end":{"line":161,"column":39}},"91":{"start":{"line":162,"column":4},"end":{"line":162,"column":33}},"92":{"start":{"line":163,"column":4},"end":{"line":163,"column":33}},"93":{"start":{"line":164,"column":4},"end":{"line":164,"column":35}},"94":{"start":{"line":165,"column":4},"end":{"line":165,"column":34}},"95":{"start":{"line":166,"column":4},"end":{"line":166,"column":61}},"96":{"start":{"line":167,"column":4},"end":{"line":167,"column":74}},"97":{"start":{"line":168,"column":4},"end":{"line":168,"column":66}},"98":{"start":{"line":169,"column":4},"end":{"line":169,"column":63}},"99":{"start":{"line":170,"column":4},"end":{"line":170,"column":54}},"100":{"start":{"line":171,"column":4},"end":{"line":171,"column":55}},"101":{"start":{"line":175,"column":19},"end":{"line":175,"column":61}},"102":{"start":{"line":176,"column":16},"end":{"line":176,"column":55}},"103":{"start":{"line":177,"column":27},"end":{"line":177,"column":72}},"104":{"start":{"line":178,"column":24},"end":{"line":178,"column":99}},"105":{"start":{"line":179,"column":4},"end":{"line":179,"column":41}},"106":{"start":{"line":180,"column":4},"end":{"line":180,"column":49}},"107":{"start":{"line":181,"column":4},"end":{"line":181,"column":43}},"108":{"start":{"line":182,"column":18},"end":{"line":182,"column":48}},"109":{"start":{"line":183,"column":4},"end":{"line":183,"column":34}},"110":{"start":{"line":184,"column":17},"end":{"line":184,"column":36}},"111":{"start":{"line":185,"column":4},"end":{"line":185,"column":40}},"112":{"start":{"line":186,"column":4},"end":{"line":186,"column":33}},"113":{"start":{"line":187,"column":4},"end":{"line":187,"column":33}},"114":{"start":{"line":188,"column":4},"end":{"line":188,"column":35}},"115":{"start":{"line":189,"column":4},"end":{"line":189,"column":34}},"116":{"start":{"line":190,"column":4},"end":{"line":190,"column":73}},"117":{"start":{"line":191,"column":4},"end":{"line":191,"column":74}},"118":{"start":{"line":192,"column":4},"end":{"line":192,"column":66}},"119":{"start":{"line":193,"column":4},"end":{"line":193,"column":63}},"120":{"start":{"line":194,"column":4},"end":{"line":194,"column":54}},"121":{"start":{"line":195,"column":4},"end":{"line":195,"column":56}},"122":{"start":{"line":196,"column":4},"end":{"line":196,"column":55}},"123":{"start":{"line":197,"column":4},"end":{"line":197,"column":40}},"124":{"start":{"line":198,"column":4},"end":{"line":198,"column":33}},"125":{"start":{"line":199,"column":4},"end":{"line":199,"column":33}},"126":{"start":{"line":200,"column":4},"end":{"line":200,"column":35}},"127":{"start":{"line":201,"column":4},"end":{"line":201,"column":34}},"128":{"start":{"line":202,"column":4},"end":{"line":202,"column":60}},"129":{"start":{"line":203,"column":4},"end":{"line":203,"column":74}},"130":{"start":{"line":204,"column":4},"end":{"line":204,"column":66}},"131":{"start":{"line":205,"column":4},"end":{"line":205,"column":63}},"132":{"start":{"line":206,"column":4},"end":{"line":206,"column":54}},"133":{"start":{"line":207,"column":4},"end":{"line":207,"column":56}},"134":{"start":{"line":211,"column":16},"end":{"line":211,"column":46}},"135":{"start":{"line":212,"column":25},"end":{"line":212,"column":64}},"136":{"start":{"line":213,"column":24},"end":{"line":218,"column":5}},"137":{"start":{"line":219,"column":33},"end":{"line":235,"column":5}},"138":{"start":{"line":236,"column":4},"end":{"line":236,"column":43}},"139":{"start":{"line":237,"column":4},"end":{"line":237,"column":61}},"140":{"start":{"line":238,"column":21},"end":{"line":238,"column":42}},"141":{"start":{"line":239,"column":4},"end":{"line":239,"column":37}},"142":{"start":{"line":240,"column":17},"end":{"line":240,"column":39}},"143":{"start":{"line":241,"column":4},"end":{"line":241,"column":39}},"144":{"start":{"line":242,"column":4},"end":{"line":242,"column":51}},"145":{"start":{"line":243,"column":4},"end":{"line":243,"column":40}},"146":{"start":{"line":244,"column":4},"end":{"line":244,"column":34}},"147":{"start":{"line":245,"column":4},"end":{"line":245,"column":33}},"148":{"start":{"line":246,"column":4},"end":{"line":246,"column":35}},"149":{"start":{"line":247,"column":4},"end":{"line":247,"column":35}},"150":{"start":{"line":248,"column":4},"end":{"line":248,"column":64}},"151":{"start":{"line":249,"column":4},"end":{"line":249,"column":74}},"152":{"start":{"line":250,"column":4},"end":{"line":250,"column":61}},"153":{"start":{"line":251,"column":4},"end":{"line":251,"column":73}},"154":{"start":{"line":252,"column":4},"end":{"line":252,"column":64}},"155":{"start":{"line":253,"column":4},"end":{"line":253,"column":67}},"156":{"start":{"line":254,"column":4},"end":{"line":254,"column":65}},"157":{"start":{"line":255,"column":4},"end":{"line":255,"column":77}},"158":{"start":{"line":259,"column":16},"end":{"line":259,"column":71}},"159":{"start":{"line":260,"column":19},"end":{"line":260,"column":73}},"160":{"start":{"line":261,"column":4},"end":{"line":261,"column":28}},"161":{"start":{"line":267,"column":0},"end":{"line":267,"column":25}},"162":{"start":{"line":268,"column":0},"end":{"line":268,"column":26}}},"fnMap":{"0":{"name":"(anonymous_0)","decl":{"start":{"line":12,"column":2},"end":{"line":12,"column":3}},"loc":{"start":{"line":12,"column":13},"end":{"line":12,"column":15}},"line":12},"1":{"name":"(anonymous_1)","decl":{"start":{"line":14,"column":2},"end":{"line":14,"column":3}},"loc":{"start":{"line":14,"column":23},"end":{"line":14,"column":25}},"line":14},"2":{"name":"(anonymous_2)","decl":{"start":{"line":16,"column":2},"end":{"line":16,"column":3}},"loc":{"start":{"line":16,"column":20},"end":{"line":20,"column":3}},"line":16},"3":{"name":"(anonymous_3)","decl":{"start":{"line":17,"column":22},"end":{"line":17,"column":23}},"loc":{"start":{"line":17,"column":37},"end":{"line":19,"column":10}},"line":17},"4":{"name":"(anonymous_4)","decl":{"start":{"line":17,"column":48},"end":{"line":17,"column":49}},"loc":{"start":{"line":17,"column":54},"end":{"line":19,"column":5}},"line":17},"5":{"name":"(anonymous_5)","decl":{"start":{"line":27,"column":2},"end":{"line":27,"column":3}},"loc":{"start":{"line":27,"column":27},"end":{"line":29,"column":3}},"line":27},"6":{"name":"(anonymous_6)","decl":{"start":{"line":36,"column":2},"end":{"line":36,"column":3}},"loc":{"start":{"line":36,"column":14},"end":{"line":36,"column":16}},"line":36},"7":{"name":"(anonymous_7)","decl":{"start":{"line":43,"column":2},"end":{"line":43,"column":3}},"loc":{"start":{"line":43,"column":14},"end":{"line":43,"column":48}},"line":43},"8":{"name":"(anonymous_8)","decl":{"start":{"line":45,"column":2},"end":{"line":45,"column":3}},"loc":{"start":{"line":45,"column":37},"end":{"line":47,"column":3}},"line":45},"9":{"name":"(anonymous_9)","decl":{"start":{"line":62,"column":2},"end":{"line":62,"column":3}},"loc":{"start":{"line":62,"column":13},"end":{"line":64,"column":3}},"line":62},"10":{"name":"(anonymous_10)","decl":{"start":{"line":66,"column":2},"end":{"line":66,"column":3}},"loc":{"start":{"line":66,"column":32},"end":{"line":103,"column":3}},"line":66},"11":{"name":"(anonymous_11)","decl":{"start":{"line":75,"column":30},"end":{"line":75,"column":31}},"loc":{"start":{"line":75,"column":51},"end":{"line":85,"column":5}},"line":75},"12":{"name":"(anonymous_12)","decl":{"start":{"line":76,"column":31},"end":{"line":76,"column":32}},"loc":{"start":{"line":76,"column":37},"end":{"line":78,"column":7}},"line":76},"13":{"name":"(anonymous_13)","decl":{"start":{"line":79,"column":25},"end":{"line":79,"column":26}},"loc":{"start":{"line":79,"column":52},"end":{"line":84,"column":7}},"line":79},"14":{"name":"(anonymous_14)","decl":{"start":{"line":105,"column":2},"end":{"line":105,"column":3}},"loc":{"start":{"line":105,"column":35},"end":{"line":149,"column":3}},"line":105},"15":{"name":"(anonymous_15)","decl":{"start":{"line":116,"column":30},"end":{"line":116,"column":31}},"loc":{"start":{"line":116,"column":51},"end":{"line":125,"column":5}},"line":116},"16":{"name":"(anonymous_16)","decl":{"start":{"line":117,"column":31},"end":{"line":117,"column":32}},"loc":{"start":{"line":117,"column":37},"end":{"line":119,"column":7}},"line":117},"17":{"name":"(anonymous_17)","decl":{"start":{"line":120,"column":28},"end":{"line":120,"column":29}},"loc":{"start":{"line":120,"column":55},"end":{"line":124,"column":7}},"line":120},"18":{"name":"(anonymous_18)","decl":{"start":{"line":151,"column":2},"end":{"line":151,"column":3}},"loc":{"start":{"line":151,"column":33},"end":{"line":172,"column":3}},"line":151},"19":{"name":"(anonymous_19)","decl":{"start":{"line":174,"column":2},"end":{"line":174,"column":3}},"loc":{"start":{"line":174,"column":45},"end":{"line":208,"column":3}},"line":174},"20":{"name":"(anonymous_20)","decl":{"start":{"line":183,"column":24},"end":{"line":183,"column":25}},"loc":{"start":{"line":183,"column":30},"end":{"line":183,"column":32}},"line":183},"21":{"name":"(anonymous_21)","decl":{"start":{"line":210,"column":2},"end":{"line":210,"column":3}},"loc":{"start":{"line":210,"column":36},"end":{"line":256,"column":3}},"line":210},"22":{"name":"(anonymous_22)","decl":{"start":{"line":239,"column":27},"end":{"line":239,"column":28}},"loc":{"start":{"line":239,"column":33},"end":{"line":239,"column":35}},"line":239},"23":{"name":"(anonymous_23)","decl":{"start":{"line":258,"column":2},"end":{"line":258,"column":3}},"loc":{"start":{"line":258,"column":30},"end":{"line":262,"column":3}},"line":258}},"branchMap":{},"s":{"0":1,"1":1,"2":1,"3":1,"4":6,"5":6,"6":6,"7":9,"8":2,"9":8,"10":1,"11":7,"12":1,"13":1,"14":1,"15":1,"16":1,"17":1,"18":1,"19":1,"20":1,"21":1,"22":0,"23":1,"24":1,"25":1,"26":1,"27":1,"28":1,"29":1,"30":1,"31":1,"32":1,"33":1,"34":1,"35":1,"36":1,"37":1,"38":1,"39":1,"40":1,"41":1,"42":1,"43":1,"44":1,"45":1,"46":1,"47":1,"48":1,"49":1,"50":1,"51":1,"52":1,"53":0,"54":1,"55":1,"56":1,"57":1,"58":1,"59":1,"60":1,"61":1,"62":1,"63":1,"64":1,"65":1,"66":1,"67":1,"68":1,"69":1,"70":1,"71":1,"72":1,"73":1,"74":1,"75":1,"76":1,"77":1,"78":1,"79":1,"80":1,"81":1,"82":1,"83":1,"84":1,"85":1,"86":1,"87":1,"88":1,"89":1,"90":1,"91":1,"92":1,"93":1,"94":1,"95":1,"96":1,"97":1,"98":1,"99":1,"100":1,"101":1,"102":1,"103":1,"104":1,"105":1,"106":1,"107":1,"108":1,"109":1,"110":1,"111":1,"112":1,"113":1,"114":1,"115":1,"116":1,"117":1,"118":1,"119":1,"120":1,"121":1,"122":1,"123":1,"124":1,"125":1,"126":1,"127":1,"128":1,"129":1,"130":1,"131":1,"132":1,"133":1,"134":1,"135":1,"136":1,"137":1,"138":1,"139":1,"140":1,"141":1,"142":1,"143":1,"144":1,"145":1,"146":1,"147":1,"148":1,"149":1,"150":1,"151":1,"152":1,"153":1,"154":1,"155":1,"156":1,"157":1,"158":1,"159":1,"160":1,"161":1,"162":1},"f":{"0":10,"1":10,"2":6,"3":6,"4":6,"5":9,"6":2,"7":2,"8":8,"9":7,"10":1,"11":1,"12":0,"13":1,"14":1,"15":1,"16":0,"17":1,"18":1,"19":1,"20":2,"21":1,"22":4,"23":1},"b":{},"_coverageSchema":"43e27e138ebf9cfc5966b082cf9a028302ed4184","hash":"588133ee2f7b6a3c8c3d4c9fb2baaf80d7f3d46f","contentHash":"f0b335e80e8ae71fe8aa4978dc8153f4"},"/home/travis/build/nd-toolkit/source-code/source/tests/@ndk/type/index.js":{"path":"/home/travis/build/nd-toolkit/source-code/source/tests/@ndk/type/index.js","statementMap":{"0":{"start":{"line":3,"column":17},"end":{"line":3,"column":37}},"1":{"start":{"line":4,"column":31},"end":{"line":4,"column":51}},"2":{"start":{"line":5,"column":30},"end":{"line":5,"column":54}},"3":{"start":{"line":11,"column":4},"end":{"line":11,"column":22}},"4":{"start":{"line":15,"column":4},"end":{"line":15,"column":33}},"5":{"start":{"line":16,"column":4},"end":{"line":16,"column":43}},"6":{"start":{"line":17,"column":4},"end":{"line":17,"column":36}},"7":{"start":{"line":18,"column":4},"end":{"line":18,"column":32}},"8":{"start":{"line":19,"column":4},"end":{"line":19,"column":34}},"9":{"start":{"line":20,"column":4},"end":{"line":20,"column":40}},"10":{"start":{"line":22,"column":4},"end":{"line":22,"column":33}},"11":{"start":{"line":23,"column":4},"end":{"line":23,"column":41}},"12":{"start":{"line":24,"column":4},"end":{"line":24,"column":34}},"13":{"start":{"line":25,"column":4},"end":{"line":25,"column":30}},"14":{"start":{"line":26,"column":4},"end":{"line":26,"column":32}},"15":{"start":{"line":27,"column":4},"end":{"line":27,"column":38}},"16":{"start":{"line":31,"column":4},"end":{"line":31,"column":45}},"17":{"start":{"line":32,"column":4},"end":{"line":32,"column":43}},"18":{"start":{"line":33,"column":4},"end":{"line":33,"column":43}},"19":{"start":{"line":35,"column":4},"end":{"line":35,"column":42}},"20":{"start":{"line":36,"column":4},"end":{"line":36,"column":41}},"21":{"start":{"line":37,"column":4},"end":{"line":37,"column":41}},"22":{"start":{"line":41,"column":4},"end":{"line":41,"column":31}},"23":{"start":{"line":42,"column":4},"end":{"line":42,"column":45}},"24":{"start":{"line":43,"column":4},"end":{"line":43,"column":41}},"25":{"start":{"line":44,"column":4},"end":{"line":44,"column":42}},"26":{"start":{"line":45,"column":4},"end":{"line":45,"column":42}},"27":{"start":{"line":46,"column":4},"end":{"line":46,"column":57}},"28":{"start":{"line":47,"column":4},"end":{"line":47,"column":57}},"29":{"start":{"line":49,"column":4},"end":{"line":49,"column":32}},"30":{"start":{"line":50,"column":4},"end":{"line":50,"column":37}},"31":{"start":{"line":54,"column":4},"end":{"line":54,"column":33}},"32":{"start":{"line":55,"column":4},"end":{"line":55,"column":32}},"33":{"start":{"line":56,"column":4},"end":{"line":56,"column":39}},"34":{"start":{"line":57,"column":4},"end":{"line":57,"column":41}},"35":{"start":{"line":58,"column":4},"end":{"line":58,"column":51}},"36":{"start":{"line":59,"column":4},"end":{"line":59,"column":49}},"37":{"start":{"line":60,"column":4},"end":{"line":60,"column":37}},"38":{"start":{"line":61,"column":4},"end":{"line":61,"column":37}},"39":{"start":{"line":62,"column":4},"end":{"line":62,"column":45}},"40":
[...]
,"column":11}},"17":{"start":{"line":39,"column":10},"end":{"line":42,"column":11}},"18":{"start":{"line":40,"column":12},"end":{"line":40,"column":59}},"19":{"start":{"line":41,"column":12},"end":{"line":41,"column":46}},"20":{"start":{"line":43,"column":10},"end":{"line":43,"column":42}},"21":{"start":{"line":45,"column":8},"end":{"line":51,"column":11}},"22":{"start":{"line":46,"column":10},"end":{"line":49,"column":11}},"23":{"start":{"line":47,"column":12},"end":{"line":47,"column":55}},"24":{"start":{"line":48,"column":12},"end":{"line":48,"column":46}},"25":{"start":{"line":50,"column":10},"end":{"line":50,"column":40}},"26":{"start":{"line":52,"column":8},"end":{"line":52,"column":62}},"27":{"start":{"line":52,"column":46},"end":{"line":52,"column":60}},"28":{"start":{"line":53,"column":8},"end":{"line":53,"column":29}},"29":{"start":{"line":55,"column":6},"end":{"line":60,"column":9}},"30":{"start":{"line":56,"column":8},"end":{"line":59,"column":19}},"31":{"start":{"line":57,"column":10},"end":{"line":57,"column":20}},"32":{"start":{"line":58,"column":10},"end":{"line":58,"column":30}},"33":{"start":{"line":61,"column":6},"end":{"line":61,"column":29}},"34":{"start":{"line":62,"column":6},"end":{"line":62,"column":40}},"35":{"start":{"line":63,"column":6},"end":{"line":69,"column":7}},"36":{"start":{"line":64,"column":8},"end":{"line":64,"column":42}},"37":{"start":{"line":65,"column":24},"end":{"line":65,"column":69}},"38":{"start":{"line":66,"column":8},"end":{"line":68,"column":9}},"39":{"start":{"line":67,"column":10},"end":{"line":67,"column":32}},"40":{"start":{"line":79,"column":4},"end":{"line":81,"column":5}},"41":{"start":{"line":80,"column":6},"end":{"line":80,"column":45}},"42":{"start":{"line":82,"column":4},"end":{"line":102,"column":5}},"43":{"start":{"line":83,"column":6},"end":{"line":83,"column":31}},"44":{"start":{"line":84,"column":22},"end":{"line":84,"column":64}},"45":{"start":{"line":85,"column":6},"end":{"line":93,"column":7}},"46":{"start":{"line":86,"column":8},"end":{"line":92,"column":9}},"47":{"start":{"line":87,"column":10},"end":{"line":87,"column":23}},"48":{"start":{"line":88,"column":10},"end":{"line":88,"column":22}},"49":{"start":{"line":89,"column":10},"end":{"line":91,"column":11}},"50":{"start":{"line":90,"column":12},"end":{"line":90,"column":18}},"51":{"start":{"line":95,"column":6},"end":{"line":95,"column":28}},"52":{"start":{"line":96,"column":6},"end":{"line":101,"column":7}},"53":{"start":{"line":97,"column":8},"end":{"line":100,"column":9}},"54":{"start":{"line":98,"column":10},"end":{"line":98,"column":23}},"55":{"start":{"line":99,"column":10},"end":{"line":99,"column":16}},"56":{"start":{"line":103,"column":4},"end":{"line":103,"column":16}},"57":{"start":{"line":110,"column":4},"end":{"line":112,"column":5}},"58":{"start":{"line":111,"column":6},"end":{"line":111,"column":45}},"59":{"start":{"line":114,"column":4},"end":{"line":126,"column":5}},"60":{"start":{"line":115,"column":26},"end":{"line":115,"column":28}},"61":{"start":{"line":116,"column":6},"end":{"line":120,"column":7}},"62":{"start":{"line":117,"column":8},"end":{"line":119,"column":12}},"63":{"start":{"line":118,"column":10},"end":{"line":118,"column":67}},"64":{"start":{"line":121,"column":6},"end":{"line":121,"column":43}},"65":{"start":{"line":123,"column":6},"end":{"line":125,"column":9}},"66":{"start":{"line":124,"column":8},"end":{"line":124,"column":60}},"67":{"start":{"line":127,"column":4},"end":{"line":127,"column":19}},"68":{"start":{"line":128,"column":4},"end":{"line":128,"column":19}},"69":{"start":{"line":135,"column":4},"end":{"line":139,"column":5}},"70":{"start":{"line":136,"column":6},"end":{"line":138,"column":7}},"71":{"start":{"line":137,"column":8},"end":{"line":137,"column":20}},"72":{"start":{"line":140,"column":4},"end":{"line":140,"column":17}},"73":{"start":{"line":147,"column":4},"end":{"line":147,"column":22}},"74":{"start":{"line":148,"column":4},"end":{"line":151,"column":5}},"75":{"start":{"line":149,"column":6},"end":{"line":149,"column":26}},"76":{"start":{"line":150,"column":6},"end":{"line":150,"column":19}},"77":{"start":{"line":152,"column":4},"end":{"line":152,"column":16}},"78":{"start":{"line":160,"column":4},"end":{"line":170,"column":5}},"79":{"start":{"line":161,"column":6},"end":{"line":161,"column":21}},"80":{"start":{"line":163,"column":6},"end":{"line":166,"column":9}},"81":{"start":{"line":164,"column":8},"end":{"line":164,"column":64}},"82":{"start":{"line":164,"column":51},"end":{"line":164,"column":62}},"83":{"start":{"line":165,"column":8},"end":{"line":165,"column":55}},"84":{"start":{"line":167,"column":6},"end":{"line":167,"column":29}},"85":{"start":{"line":168,"column":6},"end":{"line":168,"column":38}},"86":{"start":{"line":169,"column":6},"end":{"line":169,"column":31}},"87":{"start":{"line":174,"column":4},"end":{"line":186,"column":5}},"88":{"start":{"line":175,"column":6},"end":{"line":185,"column":7}},"89":{"start":{"line":176,"column":8},"end":{"line":176,"column":43}},"90":{"start":{"line":177,"column":8},"end":{"line":177,"column":89}},"91":{"start":{"line":178,"column":8},"end":{"line":178,"column":84}},"92":{"start":{"line":178,"column":49},"end":{"line":178,"column":82}},"93":{"start":{"line":179,"column":8},"end":{"line":179,"column":74}},"94":{"start":{"line":179,"column":47},"end":{"line":179,"column":72}},"95":{"start":{"line":180,"column":8},"end":{"line":180,"column":90}},"96":{"start":{"line":180,"column":55},"end":{"line":180,"column":88}},"97":{"start":{"line":182,"column":8},"end":{"line":184,"column":9}},"98":{"start":{"line":183,"column":10},"end":{"line":183,"column":47}},"99":{"start":{"line":190,"column":4},"end":{"line":199,"column":5}},"100":{"start":{"line":191,"column":6},"end":{"line":191,"column":43}},"101":{"start":{"line":192,"column":6},"end":{"line":192,"column":75}},"102":{"start":{"line":194,"column":6},"end":{"line":194,"column":30}},"103":{"start":{"line":195,"column":6},"end":{"line":195,"column":30}},"104":{"start":{"line":196,"column":6},"end":{"line":198,"column":7}},"105":{"start":{"line":197,"column":8},"end":{"line":197,"column":44}},"106":{"start":{"line":203,"column":4},"end":{"line":203,"column":52}},"107":{"start":{"line":204,"column":4},"end":{"line":204,"column":20}},"108":{"start":{"line":208,"column":4},"end":{"line":208,"column":45}},"109":{"start":{"line":209,"column":4},"end":{"line":209,"column":20}},"110":{"start":{"line":213,"column":4},"end":{"line":213,"column":39}},"111":{"start":{"line":217,"column":4},"end":{"line":217,"column":28}},"112":{"start":{"line":218,"column":4},"end":{"line":218,"column":28}},"113":{"start":{"line":219,"column":4},"end":{"line":219,"column":35}},"114":{"start":{"line":220,"column":4},"end":{"line":225,"column":5}},"115":{"start":{"line":221,"column":6},"end":{"line":221,"column":47}},"116":{"start":{"line":222,"column":6},"end":{"line":222,"column":16}},"117":{"start":{"line":224,"column":6},"end":{"line":224,"column":43}},"118":{"start":{"line":229,"column":4},"end":{"line":229,"column":28}},"119":{"start":{"line":230,"column":4},"end":{"line":230,"column":35}},"120":{"start":{"line":231,"column":4},"end":{"line":238,"column":5}},"121":{"start":{"line":232,"column":16},"end":{"line":232,"column":79}},"122":{"start":{"line":233,"column":6},"end":{"line":237,"column":7}},"123":{"start":{"line":234,"column":8},"end":{"line":234,"column":49}},"124":{"start":{"line":236,"column":8},"end":{"line":236,"column":52}},"125":{"start":{"line":239,"column":4},"end":{"line":239,"column":14}},"126":{"start":{"line":244,"column":0},"end":{"line":244,"column":22}},"127":{"start":{"line":245,"column":0},"end":{"line":245,"column":25}}},"fnMap":{"0":{"name":"(anonymous_0)","decl":{"start":{"line":22,"column":2},"end":{"line":22,"column":3}},"loc":{"start":{"line":22,"column":23},"end":{"line":71,"column":3}},"line":22},"1":{"name":"(anonymous_1)","decl":{"start":{"line":38,"column":39},"end":{"line":38,"column":40}},"loc":{"start":{"line":38,"column":57},"end":{"line":44,"column":9}},"line":38},"2":{"name":"(anonymous_2)","decl":{"start":{"line":45,"column":35},"end":{"line":45,"column":36}},"loc":{"start":{"line":45,"column":50},"end":{"line":51,"column":9}},"line":45},"3":{"name":"(anonymous_3)","decl":{"start":{"line":52,"column":38},"end":{"line":52,"column":39}},"loc":{"start":{"line":52,"column":46},"end":{"line":52,"column":60}},"line":52},"4":{"name":"(anonymous_4)","decl":{"start":{"line":55,"column":12},"end":{"line":55,"column":13}},"loc":{"start":{"line":55,"column":42},"end":{"line":60,"column":7}},"line":55},"5":{"name":"(anonymous_5)","decl":{"start":{"line":56,"column":34},"end":{"line":56,"column":35}},"loc":{"start":{"line":56,"column":40},"end":{"line":59,"column":9}},"line":56},"6":{"name":"(anonymous_6)","decl":{"start":{"line":78,"column":2},"end":{"line":78,"column":3}},"loc":{"start":{"line":78,"column":12},"end":{"line":104,"column":3}},"line":78},"7":{"name":"(anonymous_7)","decl":{"start":{"line":109,"column":2},"end":{"line":109,"column":3}},"loc":{"start":{"line":109,"column":16},"end":{"line":129,"column":3}},"line":109},"8":{"name":"(anonymous_8)","decl":{"start":{"line":117,"column":39},"end":{"line":117,"column":40}},"loc":{"start":{"line":117,"column":60},"end":{"line":119,"column":9}},"line":117},"9":{"name":"(anonymous_9)","decl":{"start":{"line":123,"column":28},"end":{"line":123,"column":29}},"loc":{"start":{"line":123,"column":49},"end":{"line":125,"column":7}},"line":123},"10":{"name":"(anonymous_10)","decl":{"start":{"line":134,"column":2},"end":{"line":134,"column":3}},"loc":{"start":{"line":134,"column":11},"end":{"line":141,"column":3}},"line":134},"11":{"name":"(anonymous_11)","decl":{"start":{"line":146,"column":2},"end":{"line":146,"column":3}},"loc":{"start":{"line":146,"column":8},"end":{"line":153,"column":3}},"line":146},"12":{"name":"(anonymous_12)","decl":{"start":{"line":159,"column":2},"end":{"line":159,"column":3}},"loc":{"start":{"line":159,"column":23},"end":{"line":171,"column":3}},"line":159},"13":{"name":"(anonymous_13)","decl":{"start":{"line":163,"column":12},"end":{"line":163,"column":13}},"loc":{"start":{"line":163,"column":42},"end":{"line":166,"column":7}},"line":163},"14":{"name":"(anonymous_14)","decl":{"start":{"line":164,"column":42},"end":{"line":164,"column":43}},"loc":{"start":{"line":164,"column":51},"end":{"line":164,"column":62}},"line":164},"15":{"name":"(anonymous_15)","decl":{"start":{"line":173,"column":2},"end":{"line":173,"column":3}},"loc":{"start":{"line":173,"column":8},"end":{"line":187,"column":3}},"line":173},"16":{"name":"(anonymous_16)","decl":{"start":{"line":178,"column":40},"end":{"line":178,"column":41}},"loc":{"start":{"line":178,"column":49},"end":{"line":178,"column":82}},"line":178},"17":{"name":"(anonymous_17)","decl":{"start":{"line":179,"column":38},"end":{"line":179,"column":39}},"loc":{"start":{"line":179,"column":47},"end":{"line":179,"column":72}},"line":179},"18":{"name":"(anonymous_18)","decl":{"start":{"line":180,"column":37},"end":{"line":180,"column":38}},"loc":{"start":{"line":180,"column":55},"end":{"line":180,"column":88}},"line":180},"19":{"name":"(anonymous_19)","decl":{"start":{"line":189,"column":2},"end":{"line":189,"column":3}},"loc":{"start":{"line":189,"column":34},"end":{"line":200,"column":3}},"line":189},"20":{"name":"(anonymous_20)","decl":{"start":{"line":202,"column":2},"end":{"line":202,"column":3}},"loc":{"start":{"line":202,"column":43},"end":{"line":205,"column":3}},"line":202},"21":{"name":"(anonymous_21)","decl":{"start":{"line":207,"column":2},"end":{"line":207,"column":3}},"loc":{"start":{"line":207,"column":36},"end":{"line":210,"column":3}},"line":207},"22":{"name":"(anonymous_22)","decl":{"start":{"line":212,"column":2},"end":{"line":212,"column":3}},"loc":{"start":{"line":212,"column":40},"end":{"line":214,"column":3}},"line":212},"23":{"name":"(anonymous_23)","decl":{"start":{"line":216,"column":2},"end":{"line":216,"column":3}},"loc":{"start":{"line":216,"column":27},"end":{"line":226,"column":3}},"line":216},"24":{"name":"(anonymous_24)","decl":{"start":{"line":228,"column":2},"end":{"line":228,"column":3}},"loc":{"start":{"line":228,"column":35},"end":{"line":240,"column":3}},"line":228}},"branchMap":{"0":{"loc":{"start":{"line":23,"column":4},"end":{"line":70,"column":5}},"type":"if","locations":[{"start":{"line":23,"column":4},"end":{"line":70,"column":5}},{"start":{"line":23,"column":4},"end":{"line":70,"column":5}}],"line":23},"1":{"loc":{"start":{"line":34,"column":28},"end":{"line":34,"column":68}},"type":"binary-expr","locations":[{"start":{"line":34,"column":28},"end":{"line":34,"column":43}},{"start":{"line":34,"column":47},"end":{"line":34,"column":68}}],"line":34},"2":{"loc":{"start":{"line":39,"column":10},"end":{"line":42,"column":11}},"type":"if","locations":[{"start":{"line":39,"column":10},"end":{"line":42,"column":11}},{"start":{"line":39,"column":10},"end":{"line":42,"column":11}}],"line":39},"3":{"loc":{"start":{"line":46,"column":10},"end":{"line":49,"column":11}},"type":"if","locations":[{"start":{"line":46,"column":10},"end":{"line":49,"column":11}},{"start":{"line":46,"column":10},"end":{"line":49,"column":11}}],"line":46},"4":{"loc":{"start":{"line":63,"column":6},"end":{"line":69,"column":7}},"type":"if","locations":[{"start":{"line":63,"column":6},"end":{"line":69,"column":7}},{"start":{"line":63,"column":6},"end":{"line":69,"column":7}}],"line":63},"5":{"loc":{"start":{"line":79,"column":4},"end":{"line":81,"column":5}},"type":"if","locations":[{"start":{"line":79,"column":4},"end":{"line":81,"column":5}},{"start":{"line":79,"column":4},"end":{"line":81,"column":5}}],"line":79},"6":{"loc":{"start":{"line":82,"column":4},"end":{"line":102,"column":5}},"type":"if","locations":[{"start":{"line":82,"column":4},"end":{"line":102,"column":5}},{"start":{"line":82,"column":4},"end":{"line":102,"column":5}}],"line":82},"7":{"loc":{"start":{"line":86,"column":8},"end":{"line":92,"column":9}},"type":"if","locations":[{"start":{"line":86,"column":8},"end":{"line":92,"column":9}},{"start":{"line":86,"column":8},"end":{"line":92,"column":9}}],"line":86},"8":{"loc":{"start":{"line":89,"column":10},"end":{"line":91,"column":11}},"type":"if","locations":[{"start":{"line":89,"column":10},"end":{"line":91,"column":11}},{"start":{"line":89,"column":10},"end":{"line":91,"column":11}}],"line":89},"9":{"loc":{"start":{"line":97,"column":8},"end":{"line":100,"column":9}},"type":"if","locations":[{"start":{"line":97,"column":8},"end":{"line":100,"column":9}},{"start":{"line":97,"column":8},"end":{"line":100,"column":9}}],"line":97},"10":{"loc":{"start":{"line":110,"column":4},"end":{"line":112,"column":5}},"type":"if","locations":[{"start":{"line":110,"column":4},"end":{"line":112,"column":5}},{"start":{"line":110,"column":4},"end":{"line":112,"column":5}}],"line":110},"11":{"loc":{"start":{"line":114,"column":4},"end":{"line":126,"column":5}},"type":"if","locations":[{"start":{"line":114,"column":4},"end":{"line":126,"column":5}},{"start":{"line":114,"column":4},"end":{"line":126,"column":5}}],"line":114},"12":{"loc":{"start":{"line":136,"column":6},"end":{"line":138,"column":7}},"type":"if","locations":[{"start":{"line":136,"column":6},"end":{"line":138,"column":7}},{"start":{"line":136,"column":6},"end":{"line":138,"column":7}}],"line":136},"13":{"loc":{"start":{"line":160,"column":4},"end":{"line":170,"column":5}},"type":"if","locations":[{"start":{"line":160,"column":4},"end":{"line":170,"column":5}},{"start":{"line":160,"column":4},"end":{"line":170,"column":5}}],"line":160},"14":{"loc":{"start":{"line":174,"column":4},"end":{"line":186,"column":5}},"type":"if","locations":[{"start":{"line":174,"column":4},"end":{"line":186,"column":5}},{"start":{"line":174,"column":4},"end":{"line":186,"column":5}}],"line":174},"15":{"loc":{"start":{"line":175,"column":6},"end":{"line":185,"column":7}},"type":"if","locations":[{"start":{"line":175,"column":6},"end":{"line":185,"column":7}},{"start":{"line":175,"column":6},"end":{"line":185,"column":7}}],"line":175},"16":{"loc":{"start":{"line":182,"column":8},"end":{"line":184,"column":9}},"type":"if","locations":[{"start":{"line":182,"column":8},"end":{"line":184,"column":9}},{"start":{"line":182,"column":8},"end":{"line":184,"column":9}}],"line":182},"17":{"loc":{"start":{"line":190,"column":4},"end":{"line":199,"column":5}},"type":"if","locations":[{"start":{"line":190,"column":4},"end":{"line":199,"column":5}},{"start":{"line":190,"column":4},"end":{"line":199,"column":5}}],"line":190},"18":{"loc":{"start":{"line":196,"column":6},"end":{"line":198,"column":7}},"type":"if","locations":[{"start":{"line":196,"column":6},"end":{"line":198,"column":7}},{"start":{"line":196,"column":6},"end":{"line":198,"column":7}}],"line":196},"19":{"loc":{"start":{"line":220,"column":4},"end":{"line":225,"column":5}},"type":"if","locations":[{"start":{"line":220,"column":4},"end":{"line":225,"column":5}},{"start":{"line":220,"column":4},"end":{"line":225,"column":5}}],"line":220},"20":{"loc":{"start":{"line":231,"column":4},"end":{"line":238,"column":5}},"type":"if","locations":[{"start":{"line":231,"column":4},"end":{"line":238,"column":5}},{"start":{"line":231,"column":4},"end":{"line":238,"column":5}}],"line":231},"21":{"loc":{"start":{"line":233,"column":6},"end":{"line":237,"column":7}},"type":"if","locations":[{"start":{"line":233,"column":6},"end":{"line":237,"column":7}},{"start":{"line":233,"column":6},"end":{"line":237,"column":7}}],"line":233}},"s":{"0":1,"1":1,"2":1,"3":1,"4":1,"5":1,"6":1,"7":1,"8":1,"9":0,"10":0,"11":0,"12":0,"13":0,"14":0,"15":0,"16":0,"17":0,"18":0,"19":0,"20":0,"21":0,"22":0,"23":0,"24":0,"25":0,"26":0,"27":0,"28":0,"29":0,"30":0,"31":0,"32":0,"33":0,"34":0,"35":0,"36":0,"37":0,"38":0,"39":0,"40":0,"41":0,"42":0,"43":0,"44":0,"45":0,"46":0,"47":0,"48":0,"49":0,"50":0,"51":0,"52":0,"53":0,"54":0,"55":0,"56":0,"57":0,"58":0,"59":0,"60":0,"61":0,"62":0,"63":0,"64":0,"65":0,"66":0,"67":0,"68":0,"69":0,"70":0,"71":0,"72":0,"73":0,"74":0,"75":0,"76":0,"77":0,"78":0,"79":0,"80":0,"81":0,"82":0,"83":0,"84":0,"85":0,"86":0,"87":0,"88":0,"89":0,"90":0,"91":0,"92":0,"93":0,"94":0,"95":0,"96":0,"97":0,"98":0,"99":0,"100":0,"101":0,"102":0,"103":0,"104":0,"105":0,"106":0,"107":0,"108":0,"109":0,"110":0,"111":0,"112":0,"113":0,"114":0,"115":0,"116":0,"117":0,"118":0,"119":0,"120":0,"121":0,"122":0,"123":0,"124":0,"125":0,"126":1,"127":1},"f":{"0":0,"1":0,"2":0,"3":0,"4":0,"5":0,"6":0,"7":0,"8":0,"9":0,"10":0,"11":0,"12":0,"13":0,"14":0,"15":0,"16":0,"17":0,"18":0,"19":0,"20":0,"21":0,"22":0,"23":0,"24":0},"b":{"0":[0,0],"1":[0,0],"2":[0,0],"3":[0,0],"4":[0,0],"5":[0,0],"6":[0,0],"7":[0,0],"8":[0,0],"9":[0,0],"10":[0,0],"11":[0,0],"12":[0,0],"13":[0,0],"14":[0,0],"15":[0,0],"16":[0,0],"17":[0,0],"18":[0,0],"19":[0,0],"20":[0,0],"21":[0,0]},"_coverageSchema":"43e27e138ebf9cfc5966b082cf9a028302ed4184","hash":"df6a729ba43990afa231aa3fe9a20c352430d106","contentHash":"05f88b8bb3dd36782201f20834e722fd"},"/home/travis/build/nd-toolkit/source-code/source/@ndk/ps/TaskMaster/consts.js":{"path":"/home/travis/build/nd-toolkit/source-code/source/@ndk/ps/TaskMaster/consts.js","statementMap":{"0":{"start":{"line":3,"column":0},"end":{"line":3,"column":40}},"1":{"start":{"line":4,"column":0},"end":{"line":4,"column":40}},"2":{"start":{"line":5,"column":0},"end":{"line":5,"column":42}},"3":{"start":{"line":6,"column":0},"end":{"line":6,"column":34}},"4":{"start":{"line":7,"column":0},"end":{"line":7,"column":46}},"5":{"start":{"line":8,"column":0},"end":{"line":8,"column":40}},"6":{"start":{"line":9,"column":0},"end":{"line":9,"column":54}}},"fnMap":{},"branchMap":{},"s":{"0":1,"1":1,"2":1,"3":1,"4":1,"5":1,"6":1},"f":{},"b":{},"_coverageSchema":"43e27e138ebf9cfc5966b082cf9a028302ed4184","hash":"5368e2b50c8fc4c6690a151e6bc500d2107dfd91","contentHash":"19977820bbf76aafee37393bb383eb11"}}